<?xml version="1.0" encoding="UTF-8"?>
<testsuites name="Test Suite" time="535.774" tests="1" failures="0" errors="0">
   <testsuite name="Test Suite" tests="1" failures="0" errors="0" time="535.774" skipped="0" timestamp="2023-09-19 21:48:40" hostname="syaviraalatas - localhost" id="Test Suites/Test Suite">
      <properties>
         <property name="deviceName" value=""/>
         <property name="devicePlatform" value=""/>
         <property name="logFolder" value="/Users/syaviraalatas/REZA/Bootcamp Binar Academy/QAE Quality Assurance Engineer/Challange Level Platinum/katalon/Reports/20230919_214831/Test Suite/20230919_214831"/>
         <property name="logFiles" value="/Users/syaviraalatas/REZA/Bootcamp Binar Academy/QAE Quality Assurance Engineer/Challange Level Platinum/katalon/Reports/20230919_214831/Test Suite/20230919_214831/execution0.log"/>
         <property name="attachments" value=""/>
         <property name="hostName" value="syaviraalatas - localhost"/>
         <property name="os" value="Mac OS X 64bit"/>
         <property name="katalonVersion" value="8.6.6.208"/>
         <property name="browser" value="Chrome 116.0.0.0"/>
         <property name="hostAddress" value="127.0.0.1"/>
         <property name="sessionId" value="31ccb585d12e5bc459d03defa6875669"/>
         <property name="seleniumVersion" value="3.141.59"/>
         <property name="proxyInformation" value="ProxyInformation { proxyOption=NO_PROXY, proxyServerType=HTTP, username=, password=********, proxyServerAddress=, proxyServerPort=0, executionList=&quot;&quot;, isApplyToDesiredCapabilities=true }"/>
         <property name="platform" value="Mac OS X"/>
      </properties>
      <testcase name="Test Cases/cucumber/cucumber" time="535.385" classname="Test Cases/cucumber/cucumber" status="PASSED">
         <system-out><![CDATA[2023-09-19 21:48:40 - [TEST_CASE][PASSED] - Test Cases/cucumber/cucumber: Test Cases/cucumber/cucumber

2023-09-19 21:48:41 - [TEST_STEP][PASSED] - runWithCucumberRunner(Runner): Run with 'Runner' was passed

2023-09-19 21:48:41 - [MESSAGE][INFO] - Starting 'Chrome' driver

2023-09-19 21:48:42 - [MESSAGE][INFO] - Action delay is set to 0 milliseconds

2023-09-19 21:48:51 - [MESSAGE][PASSED] - Browser is opened with url: ''

2023-09-19 21:48:52 - [MESSAGE][PASSED] - Navigate to 'https://secondhand.binaracademy.org/' successfully

2023-09-19 21:48:52 - [MESSAGE][WARNING] - Timeout '0' is invalid. Using default page load timeout: '30'

2023-09-19 21:48:53 - [MESSAGE][PASSED] - Object 'Object Repository/user_add_product/user_click_btn_jual' is present

2023-09-19 21:48:53 - [MESSAGE][WARNING] - A browser is already opened. Closing browser and opening a new one

2023-09-19 21:48:53 - [MESSAGE][INFO] - Starting 'Chrome' driver

2023-09-19 21:48:53 - [MESSAGE][INFO] - Action delay is set to 0 milliseconds

2023-09-19 21:49:01 - [MESSAGE][PASSED] - Browser is opened with url: 'https://secondhand.binaracademy.org/users/sign_up'

2023-09-19 21:49:01 - [MESSAGE][WARNING] - Timeout '0' is invalid. Using default page load timeout: '30'

2023-09-19 21:49:01 - [MESSAGE][PASSED] - Object 'Object Repository/user_register/user_input_name' is present

2023-09-19 21:49:02 - [MESSAGE][WARNING] - Timeout '0' is invalid. Using default page load timeout: '30'

2023-09-19 21:49:02 - [MESSAGE][PASSED] - Object 'Object Repository/user_register/user_input_email' is present

2023-09-19 21:49:02 - [MESSAGE][WARNING] - Timeout '0' is invalid. Using default page load timeout: '30'

2023-09-19 21:49:02 - [MESSAGE][PASSED] - Object 'Object Repository/user_register/user_input_password' is present

2023-09-19 21:49:02 - [MESSAGE][WARNING] - Timeout '0' is invalid. Using default page load timeout: '30'

2023-09-19 21:49:02 - [MESSAGE][PASSED] - Object 'Object Repository/user_register/user_click_btn_daftar' is present

2023-09-19 21:49:03 - [MESSAGE][WARNING] - Timeout '0' is invalid. Using default page load timeout: '30'

2023-09-19 21:49:03 - [MESSAGE][PASSED] - Object 'Object Repository/user_register/user_click_link_Masuk_di_sini' is present

2023-09-19 21:49:04 - [MESSAGE][PASSED] - Text 'fabregas' is set on object 'Object Repository/user_register/user_input_name'

2023-09-19 21:49:05 - [MESSAGE][PASSED] - Text 'septiani@gmail.com' is set on object 'Object Repository/user_register/user_input_email'

2023-09-19 21:49:05 - [MESSAGE][PASSED] - Text 'qwerty12345' is set on object 'Object Repository/user_register/user_input_password'

2023-09-19 21:49:06 - [MESSAGE][PASSED] - Object: 'Object Repository/user_register/user_click_btn_daftar' is clicked on

2023-09-19 21:49:07 - [MESSAGE][PASSED] - Attribute 'validationMessage' of object 'Object Repository/user_register/user_email_has_been_taken' is: 'null'

2023-09-19 21:49:07 - [MESSAGE][WARNING] - A browser is already opened. Closing browser and opening a new one

2023-09-19 21:49:07 - [MESSAGE][INFO] - Starting 'Chrome' driver

2023-09-19 21:49:07 - [MESSAGE][INFO] - Action delay is set to 0 milliseconds

2023-09-19 21:49:14 - [MESSAGE][PASSED] - Browser is opened with url: 'https://secondhand.binaracademy.org/users/sign_up'

2023-09-19 21:49:14 - [MESSAGE][WARNING] - Timeout '0' is invalid. Using default page load timeout: '30'

2023-09-19 21:49:14 - [MESSAGE][PASSED] - Object 'Object Repository/user_register/user_input_name' is present

2023-09-19 21:49:14 - [MESSAGE][WARNING] - Timeout '0' is invalid. Using default page load timeout: '30'

2023-09-19 21:49:15 - [MESSAGE][PASSED] - Object 'Object Repository/user_register/user_input_email' is present

2023-09-19 21:49:15 - [MESSAGE][WARNING] - Timeout '0' is invalid. Using default page load timeout: '30'

2023-09-19 21:49:15 - [MESSAGE][PASSED] - Object 'Object Repository/user_register/user_input_password' is present

2023-09-19 21:49:15 - [MESSAGE][WARNING] - Timeout '0' is invalid. Using default page load timeout: '30'

2023-09-19 21:49:15 - [MESSAGE][PASSED] - Object 'Object Repository/user_register/user_click_btn_daftar' is present

2023-09-19 21:49:15 - [MESSAGE][WARNING] - Timeout '0' is invalid. Using default page load timeout: '30'

2023-09-19 21:49:15 - [MESSAGE][PASSED] - Object 'Object Repository/user_register/user_click_link_Masuk_di_sini' is present

2023-09-19 21:49:16 - [MESSAGE][PASSED] - Text 'oliver' is set on object 'Object Repository/user_register/user_input_name'

2023-09-19 21:49:17 - [MESSAGE][PASSED] - Text 'ngacak-e44a4d43-6ba8-4820-aad7-9925daf89c7a@gmail.com' is set on object 'Object Repository/user_register/user_input_email'

2023-09-19 21:49:17 - [MESSAGE][PASSED] - Text 'qwerty12345' is set on object 'Object Repository/user_register/user_input_password'

2023-09-19 21:49:18 - [MESSAGE][PASSED] - Object: 'Object Repository/user_register/user_click_btn_daftar' is clicked on

2023-09-19 21:49:18 - [MESSAGE][WARNING] - Timeout '0' is invalid. Using default page load timeout: '30'

2023-09-19 21:49:19 - [MESSAGE][PASSED] - Object 'Object Repository/user_visit_homepage/user_search_field' is present

2023-09-19 21:49:19 - [MESSAGE][WARNING] - A browser is already opened. Closing browser and opening a new one

2023-09-19 21:49:19 - [MESSAGE][INFO] - Starting 'Chrome' driver

2023-09-19 21:49:19 - [MESSAGE][INFO] - Action delay is set to 0 milliseconds

2023-09-19 21:49:26 - [MESSAGE][PASSED] - Browser is opened with url: 'https://secondhand.binaracademy.org/users/sign_in'

2023-09-19 21:49:26 - [MESSAGE][PASSED] - Current window maximized

2023-09-19 21:49:26 - [MESSAGE][WARNING] - Timeout '0' is invalid. Using default page load timeout: '30'

2023-09-19 21:49:27 - [MESSAGE][PASSED] - Object 'Object Repository/user_login/user_input_email' is present

2023-09-19 21:49:27 - [MESSAGE][WARNING] - Timeout '0' is invalid. Using default page load timeout: '30'

2023-09-19 21:49:27 - [MESSAGE][PASSED] - Object 'Object Repository/user_login/user_input_password' is present

2023-09-19 21:49:27 - [MESSAGE][WARNING] - Timeout '0' is invalid. Using default page load timeout: '30'

2023-09-19 21:49:27 - [MESSAGE][PASSED] - Object 'Object Repository/user_login/user_click_btn_masuk' is present

2023-09-19 21:49:27 - [MESSAGE][WARNING] - Timeout '0' is invalid. Using default page load timeout: '30'

2023-09-19 21:49:28 - [MESSAGE][PASSED] - Object 'Object Repository/user_login/user_click_link_Daftar_di_sini' is present

2023-09-19 21:49:28 - [MESSAGE][PASSED] - Text 'budisudarsono@gmail.com' is set on object 'Object Repository/user_login/user_input_email'

2023-09-19 21:49:29 - [MESSAGE][PASSED] - Text '1234567' is set on object 'Object Repository/user_login/user_input_password'

2023-09-19 21:49:29 - [MESSAGE][PASSED] - Object: 'Object Repository/user_login/user_click_btn_masuk' is clicked on

2023-09-19 21:49:30 - [MESSAGE][PASSED] - Attribute 'validationMessage' of object 'Object Repository/user_login/user_toaster_failed_login' is: 'null'

2023-09-19 21:49:30 - [MESSAGE][WARNING] - A browser is already opened. Closing browser and opening a new one

2023-09-19 21:49:30 - [MESSAGE][INFO] - Starting 'Chrome' driver

2023-09-19 21:49:30 - [MESSAGE][INFO] - Action delay is set to 0 milliseconds

2023-09-19 21:49:37 - [MESSAGE][PASSED] - Browser is opened with url: 'https://secondhand.binaracademy.org/users/sign_in'

2023-09-19 21:49:37 - [MESSAGE][PASSED] - Current window maximized

2023-09-19 21:49:38 - [MESSAGE][WARNING] - Timeout '0' is invalid. Using default page load timeout: '30'

2023-09-19 21:49:38 - [MESSAGE][PASSED] - Object 'Object Repository/user_login/user_input_email' is present

2023-09-19 21:49:38 - [MESSAGE][WARNING] - Timeout '0' is invalid. Using default page load timeout: '30'

2023-09-19 21:49:38 - [MESSAGE][PASSED] - Object 'Object Repository/user_login/user_input_password' is present

2023-09-19 21:49:38 - [MESSAGE][WARNING] - Timeout '0' is invalid. Using default page load timeout: '30'

2023-09-19 21:49:38 - [MESSAGE][PASSED] - Object 'Object Repository/user_login/user_click_btn_masuk' is present

2023-09-19 21:49:39 - [MESSAGE][WARNING] - Timeout '0' is invalid. Using default page load timeout: '30'

2023-09-19 21:49:39 - [MESSAGE][PASSED] - Object 'Object Repository/user_login/user_click_link_Daftar_di_sini' is present

2023-09-19 21:49:40 - [MESSAGE][PASSED] - Text 'septiani@gmail.com' is set on object 'Object Repository/user_login/user_input_email'

2023-09-19 21:49:40 - [MESSAGE][PASSED] - Text 'qwerty12345' is set on object 'Object Repository/user_login/user_input_password'

2023-09-19 21:49:41 - [MESSAGE][PASSED] - Object: 'Object Repository/user_login/user_click_btn_masuk' is clicked on

2023-09-19 21:49:41 - [MESSAGE][WARNING] - Timeout '0' is invalid. Using default page load timeout: '30'

2023-09-19 21:49:42 - [MESSAGE][PASSED] - Object 'Object Repository/user_visit_homepage/user_search_field' is present

2023-09-19 21:49:42 - [MESSAGE][WARNING] - A browser is already opened. Closing browser and opening a new one

2023-09-19 21:49:42 - [MESSAGE][INFO] - Starting 'Chrome' driver

2023-09-19 21:49:42 - [MESSAGE][INFO] - Action delay is set to 0 milliseconds

2023-09-19 21:49:49 - [MESSAGE][PASSED] - Browser is opened with url: 'https://secondhand.binaracademy.org/users/sign_in'

2023-09-19 21:49:49 - [MESSAGE][PASSED] - Current window maximized

2023-09-19 21:49:49 - [MESSAGE][WARNING] - Timeout '0' is invalid. Using default page load timeout: '30'

2023-09-19 21:49:50 - [MESSAGE][PASSED] - Object 'Object Repository/user_login/user_input_email' is present

2023-09-19 21:49:50 - [MESSAGE][WARNING] - Timeout '0' is invalid. Using default page load timeout: '30'

2023-09-19 21:49:50 - [MESSAGE][PASSED] - Object 'Object Repository/user_login/user_input_password' is present

2023-09-19 21:49:50 - [MESSAGE][WARNING] - Timeout '0' is invalid. Using default page load timeout: '30'

2023-09-19 21:49:50 - [MESSAGE][PASSED] - Object 'Object Repository/user_login/user_click_btn_masuk' is present

2023-09-19 21:49:50 - [MESSAGE][WARNING] - Timeout '0' is invalid. Using default page load timeout: '30'

2023-09-19 21:49:51 - [MESSAGE][PASSED] - Object 'Object Repository/user_login/user_click_link_Daftar_di_sini' is present

2023-09-19 21:49:51 - [MESSAGE][PASSED] - Text 'fabregas_oliver@gmail.com' is set on object 'Object Repository/user_login/user_input_email'

2023-09-19 21:49:52 - [MESSAGE][PASSED] - Text 'qwerty12345' is set on object 'Object Repository/user_login/user_input_password'

2023-09-19 21:49:52 - [MESSAGE][PASSED] - Object: 'Object Repository/user_login/user_click_btn_masuk' is clicked on

2023-09-19 21:49:53 - [MESSAGE][WARNING] - Timeout '0' is invalid. Using default page load timeout: '30'

2023-09-19 21:49:53 - [MESSAGE][PASSED] - Object 'Object Repository/user_visit_homepage/user_search_field' is present

2023-09-19 21:49:53 - [MESSAGE][WARNING] - A browser is already opened. Closing browser and opening a new one

2023-09-19 21:49:54 - [MESSAGE][INFO] - Starting 'Chrome' driver

2023-09-19 21:49:54 - [MESSAGE][INFO] - Action delay is set to 0 milliseconds

2023-09-19 21:50:00 - [MESSAGE][PASSED] - Browser is opened with url: 'https://secondhand.binaracademy.org/users/sign_in'

2023-09-19 21:50:01 - [MESSAGE][PASSED] - Current window maximized

2023-09-19 21:50:01 - [MESSAGE][WARNING] - Timeout '0' is invalid. Using default page load timeout: '30'

2023-09-19 21:50:01 - [MESSAGE][PASSED] - Object 'Object Repository/user_login/user_input_email' is present

2023-09-19 21:50:01 - [MESSAGE][WARNING] - Timeout '0' is invalid. Using default page load timeout: '30'

2023-09-19 21:50:01 - [MESSAGE][PASSED] - Object 'Object Repository/user_login/user_input_password' is present

2023-09-19 21:50:02 - [MESSAGE][WARNING] - Timeout '0' is invalid. Using default page load timeout: '30'

2023-09-19 21:50:02 - [MESSAGE][PASSED] - Object 'Object Repository/user_login/user_click_btn_masuk' is present

2023-09-19 21:50:02 - [MESSAGE][WARNING] - Timeout '0' is invalid. Using default page load timeout: '30'

2023-09-19 21:50:02 - [MESSAGE][PASSED] - Object 'Object Repository/user_login/user_click_link_Daftar_di_sini' is present

2023-09-19 21:50:03 - [MESSAGE][PASSED] - Text 'septiani@gmail.com' is set on object 'Object Repository/user_login/user_input_email'

2023-09-19 21:50:03 - [MESSAGE][PASSED] - Text 'qwerty12345' is set on object 'Object Repository/user_login/user_input_password'

2023-09-19 21:50:04 - [MESSAGE][PASSED] - Object: 'Object Repository/user_login/user_click_btn_masuk' is clicked on

2023-09-19 21:50:04 - [MESSAGE][WARNING] - Timeout '0' is invalid. Using default page load timeout: '30'

2023-09-19 21:50:05 - [MESSAGE][PASSED] - Object 'Object Repository/user_visit_homepage/click_button_profile' is present

2023-09-19 21:50:05 - [MESSAGE][WARNING] - Timeout '0' is invalid. Using default page load timeout: '30'

2023-09-19 21:50:05 - [MESSAGE][PASSED] - Object 'Object Repository/user_visit_homepage/click_button_notification' is present

2023-09-19 21:50:05 - [MESSAGE][WARNING] - Timeout '0' is invalid. Using default page load timeout: '30'

2023-09-19 21:50:05 - [MESSAGE][PASSED] - Object 'Object Repository/user_visit_homepage/click_button_daftar_product' is present

2023-09-19 21:50:06 - [MESSAGE][PASSED] - Object: 'Object Repository/user_visit_homepage/click_button_profile' is clicked on

2023-09-19 21:50:06 - [MESSAGE][WARNING] - Timeout '0' is invalid. Using default page load timeout: '30'

2023-09-19 21:50:06 - [MESSAGE][PASSED] - Object 'Object Repository/user_visit_homepage/click_profile_account' is present

2023-09-19 21:50:07 - [MESSAGE][PASSED] - Object: 'Object Repository/user_visit_homepage/click_profile_account' is clicked on

2023-09-19 21:50:07 - [MESSAGE][WARNING] - Timeout '0' is invalid. Using default page load timeout: '30'

2023-09-19 21:50:07 - [MESSAGE][PASSED] - Object 'Object Repository/user_edit_profile/user_submit_image' is present

2023-09-19 21:50:07 - [MESSAGE][WARNING] - Timeout '0' is invalid. Using default page load timeout: '30'

2023-09-19 21:50:07 - [MESSAGE][PASSED] - Object 'Object Repository/user_edit_profile/user_input_nama' is present

2023-09-19 21:50:07 - [MESSAGE][WARNING] - Timeout '0' is invalid. Using default page load timeout: '30'

2023-09-19 21:50:08 - [MESSAGE][PASSED] - Object 'Object Repository/user_edit_profile/user_input_alamat' is present

2023-09-19 21:50:08 - [MESSAGE][PASSED] - File '//Users//syaviraalatas//REZA//Bootcamp Binar Academy//QAE Quality Assurance Engineer//screenshoot//foto.png' sent to object: 'Object Repository/user_edit_profile/user_submit_image'

2023-09-19 21:50:09 - [MESSAGE][PASSED] - Text of object 'Object Repository/user_edit_profile/user_input_nama' is cleared

2023-09-19 21:50:09 - [MESSAGE][PASSED] - Text 'testaja1234' is set on object 'Object Repository/user_edit_profile/user_input_nama'

2023-09-19 21:50:10 - [MESSAGE][PASSED] - All options with index in [1] are selected on object 'Object Repository/user_edit_profile/user_select_kota'

2023-09-19 21:50:10 - [MESSAGE][PASSED] - Text of object 'Object Repository/user_edit_profile/user_input_alamat' is cleared

2023-09-19 21:50:11 - [MESSAGE][PASSED] - Text 'jakarta selatan' is set on object 'Object Repository/user_edit_profile/user_input_alamat'

2023-09-19 21:50:11 - [MESSAGE][PASSED] - Text of object 'Object Repository/user_edit_profile/user_input_no_handphone' is cleared

2023-09-19 21:50:12 - [MESSAGE][PASSED] - Text '0123456' is set on object 'Object Repository/user_edit_profile/user_input_no_handphone'

2023-09-19 21:50:15 - [MESSAGE][PASSED] - Object: 'Object Repository/user_edit_profile/user_click_button_simpan' is clicked on

2023-09-19 21:50:15 - [MESSAGE][WARNING] - Timeout '0' is invalid. Using default page load timeout: '30'

2023-09-19 21:50:16 - [MESSAGE][PASSED] - Object 'Object Repository/user_visit_homepage/click_button_profile' is present

2023-09-19 21:50:16 - [MESSAGE][WARNING] - Timeout '0' is invalid. Using default page load timeout: '30'

2023-09-19 21:50:17 - [MESSAGE][PASSED] - Object 'Object Repository/user_visit_homepage/click_button_notification' is present

2023-09-19 21:50:17 - [MESSAGE][PASSED] - Browser is closed

2023-09-19 21:50:17 - [MESSAGE][INFO] - Starting 'Chrome' driver

2023-09-19 21:50:17 - [MESSAGE][INFO] - Action delay is set to 0 milliseconds

2023-09-19 21:50:24 - [MESSAGE][PASSED] - Browser is opened with url: 'https://secondhand.binaracademy.org/users/sign_in'

2023-09-19 21:50:24 - [MESSAGE][PASSED] - Current window maximized

2023-09-19 21:50:24 - [MESSAGE][WARNING] - Timeout '0' is invalid. Using default page load timeout: '30'

2023-09-19 21:50:25 - [MESSAGE][PASSED] - Object 'Object Repository/user_login/user_input_email' is present

2023-09-19 21:50:25 - [MESSAGE][WARNING] - Timeout '0' is invalid. Using default page load timeout: '30'

2023-09-19 21:50:25 - [MESSAGE][PASSED] - Object 'Object Repository/user_login/user_input_password' is present

2023-09-19 21:50:25 - [MESSAGE][WARNING] - Timeout '0' is invalid. Using default page load timeout: '30'

2023-09-19 21:50:25 - [MESSAGE][PASSED] - Object 'Object Repository/user_login/user_click_btn_masuk' is present

2023-09-19 21:50:25 - [MESSAGE][WARNING] - Timeout '0' is invalid. Using default page load timeout: '30'

2023-09-19 21:50:25 - [MESSAGE][PASSED] - Object 'Object Repository/user_login/user_click_link_Daftar_di_sini' is present

2023-09-19 21:50:26 - [MESSAGE][PASSED] - Text 'septiani@gmail.com' is set on object 'Object Repository/user_login/user_input_email'

2023-09-19 21:50:27 - [MESSAGE][PASSED] - Text 'qwerty12345' is set on object 'Object Repository/user_login/user_input_password'

2023-09-19 21:50:27 - [MESSAGE][PASSED] - Object: 'Object Repository/user_login/user_click_btn_masuk' is clicked on

2023-09-19 21:50:27 - [MESSAGE][WARNING] - Timeout '0' is invalid. Using default page load timeout: '30'

2023-09-19 21:50:28 - [MESSAGE][PASSED] - Object 'Object Repository/user_visit_homepage/click_button_profile' is present

2023-09-19 21:50:28 - [MESSAGE][WARNING] - Timeout '0' is invalid. Using default page load timeout: '30'

2023-09-19 21:50:28 - [MESSAGE][PASSED] - Object 'Object Repository/user_visit_homepage/click_button_notification' is present

2023-09-19 21:50:28 - [MESSAGE][WARNING] - Timeout '0' is invalid. Using default page load timeout: '30'

2023-09-19 21:50:29 - [MESSAGE][PASSED] - Object 'Object Repository/user_visit_homepage/click_button_daftar_product' is present

2023-09-19 21:50:29 - [MESSAGE][PASSED] - Object: 'Object Repository/user_visit_homepage/click_button_profile' is clicked on

2023-09-19 21:50:29 - [MESSAGE][WARNING] - Timeout '0' is invalid. Using default page load timeout: '30'

2023-09-19 21:50:29 - [MESSAGE][PASSED] - Object 'Object Repository/user_visit_homepage/click_profile_account' is present

2023-09-19 21:50:30 - [MESSAGE][PASSED] - Object: 'Object Repository/user_visit_homepage/click_profile_account' is clicked on

2023-09-19 21:50:30 - [MESSAGE][WARNING] - Timeout '0' is invalid. Using default page load timeout: '30'

2023-09-19 21:50:30 - [MESSAGE][PASSED] - Object 'Object Repository/user_edit_profile/user_input_nama' is present

2023-09-19 21:50:30 - [MESSAGE][WARNING] - Timeout '0' is invalid. Using default page load timeout: '30'

2023-09-19 21:50:31 - [MESSAGE][PASSED] - Object 'Object Repository/user_edit_profile/user_input_alamat' is present

2023-09-19 21:50:31 - [MESSAGE][PASSED] - Text of object 'Object Repository/user_edit_profile/user_input_nama' is cleared

2023-09-19 21:50:34 - [MESSAGE][PASSED] - Object: 'Object Repository/user_edit_profile/user_click_button_simpan' is clicked on

2023-09-19 21:50:34 - [MESSAGE][PASSED] - Attribute 'Please fill in this field' of object 'Object Repository/user_edit_profile/user_input_alamat' is: 'null'

2023-09-19 21:50:34 - [MESSAGE][PASSED] - Attribute 'Please fill in this field' of object 'Object Repository/user_edit_profile/user_input_nama' is: 'null'

2023-09-19 21:50:34 - [MESSAGE][PASSED] - Attribute 'Please fill in this field' of object 'Object Repository/user_edit_profile/user_input_no_handphone' is: 'null'

2023-09-19 21:50:35 - [MESSAGE][PASSED] - Attribute 'Please select an item in the list' of object 'Object Repository/user_edit_profile/user_select_kota' is: 'null'

2023-09-19 21:50:35 - [MESSAGE][WARNING] - Timeout '0' is invalid. Using default page load timeout: '30'

2023-09-19 21:50:35 - [MESSAGE][PASSED] - Object 'Object Repository/user_edit_profile/user_input_nama' is present

2023-09-19 21:50:35 - [MESSAGE][WARNING] - Timeout '0' is invalid. Using default page load timeout: '30'

2023-09-19 21:50:35 - [MESSAGE][PASSED] - Object 'Object Repository/user_edit_profile/user_input_alamat' is present

2023-09-19 21:50:35 - [MESSAGE][WARNING] - Timeout '0' is invalid. Using default page load timeout: '30'

2023-09-19 21:50:36 - [MESSAGE][PASSED] - Object 'Object Repository/user_edit_profile/user_submit_image' is present

2023-09-19 21:50:36 - [MESSAGE][PASSED] - Browser is closed

2023-09-19 21:50:36 - [MESSAGE][INFO] - Starting 'Chrome' driver

2023-09-19 21:50:36 - [MESSAGE][INFO] - Action delay is set to 0 milliseconds

2023-09-19 21:50:43 - [MESSAGE][PASSED] - Browser is opened with url: 'https://secondhand.binaracademy.org/users/sign_in'

2023-09-19 21:50:43 - [MESSAGE][PASSED] - Current window maximized

2023-09-19 21:50:43 - [MESSAGE][WARNING] - Timeout '0' is invalid. Using default page load timeout: '30'

2023-09-19 21:50:44 - [MESSAGE][PASSED] - Object 'Object Repository/user_login/user_input_email' is present

2023-09-19 21:50:44 - [MESSAGE][WARNING] - Timeout '0' is invalid. Using default page load timeout: '30'

2023-09-19 21:50:44 - [MESSAGE][PASSED] - Object 'Object Repository/user_login/user_input_password' is present

2023-09-19 21:50:44 - [MESSAGE][WARNING] - Timeout '0' is invalid. Using default page load timeout: '30'

2023-09-19 21:50:44 - [MESSAGE][PASSED] - Object 'Object Repository/user_login/user_click_btn_masuk' is present

2023-09-19 21:50:44 - [MESSAGE][WARNING] - Timeout '0' is invalid. Using default page load timeout: '30'

2023-09-19 21:50:45 - [MESSAGE][PASSED] - Object 'Object Repository/user_login/user_click_link_Daftar_di_sini' is present

2023-09-19 21:50:45 - [MESSAGE][PASSED] - Text 'septiani@gmail.com' is set on object 'Object Repository/user_login/user_input_email'

2023-09-19 21:50:46 - [MESSAGE][PASSED] - Text 'qwerty12345' is set on object 'Object Repository/user_login/user_input_password'

2023-09-19 21:50:46 - [MESSAGE][PASSED] - Object: 'Object Repository/user_login/user_click_btn_masuk' is clicked on

2023-09-19 21:50:46 - [MESSAGE][WARNING] - Timeout '0' is invalid. Using default page load timeout: '30'

2023-09-19 21:50:47 - [MESSAGE][PASSED] - Object 'Object Repository/user_visit_homepage/click_button_profile' is present

2023-09-19 21:50:47 - [MESSAGE][WARNING] - Timeout '0' is invalid. Using default page load timeout: '30'

2023-09-19 21:50:48 - [MESSAGE][PASSED] - Object 'Object Repository/user_visit_homepage/click_button_notification' is present

2023-09-19 21:50:48 - [MESSAGE][WARNING] - Timeout '0' is invalid. Using default page load timeout: '30'

2023-09-19 21:50:48 - [MESSAGE][PASSED] - Object 'Object Repository/user_visit_homepage/click_button_daftar_product' is present

2023-09-19 21:50:48 - [MESSAGE][PASSED] - Object: 'Object Repository/user_visit_homepage/click_button_profile' is clicked on

2023-09-19 21:50:48 - [MESSAGE][WARNING] - Timeout '0' is invalid. Using default page load timeout: '30'

2023-09-19 21:50:49 - [MESSAGE][PASSED] - Object 'Object Repository/user_visit_homepage/click_profile_account' is present

2023-09-19 21:50:49 - [MESSAGE][PASSED] - Object: 'Object Repository/user_visit_homepage/click_profile_account' is clicked on

2023-09-19 21:50:49 - [MESSAGE][WARNING] - Timeout '0' is invalid. Using default page load timeout: '30'

2023-09-19 21:50:50 - [MESSAGE][PASSED] - Object 'Object Repository/user_edit_profile/user_input_nama' is present

2023-09-19 21:50:50 - [MESSAGE][WARNING] - Timeout '0' is invalid. Using default page load timeout: '30'

2023-09-19 21:50:50 - [MESSAGE][PASSED] - Object 'Object Repository/user_edit_profile/user_input_alamat' is present

2023-09-19 21:50:50 - [MESSAGE][WARNING] - Timeout '0' is invalid. Using default page load timeout: '30'

2023-09-19 21:50:50 - [MESSAGE][PASSED] - Object 'Object Repository/user_edit_profile/user_select_kota' is present

2023-09-19 21:50:51 - [MESSAGE][PASSED] - All options with index in [0] are selected on object 'Object Repository/user_edit_profile/user_select_kota'

2023-09-19 21:50:54 - [MESSAGE][PASSED] - Object: 'Object Repository/user_edit_profile/user_click_button_simpan' is clicked on

2023-09-19 21:50:54 - [MESSAGE][PASSED] - Attribute 'Please fill in this field' of object 'Object Repository/user_edit_profile/user_input_alamat' is: 'null'

2023-09-19 21:50:54 - [MESSAGE][PASSED] - Attribute 'Please fill in this field' of object 'Object Repository/user_edit_profile/user_input_nama' is: 'null'

2023-09-19 21:50:54 - [MESSAGE][PASSED] - Attribute 'Please fill in this field' of object 'Object Repository/user_edit_profile/user_input_no_handphone' is: 'null'

2023-09-19 21:50:55 - [MESSAGE][PASSED] - Attribute 'Please select an item in the list' of object 'Object Repository/user_edit_profile/user_select_kota' is: 'null'

2023-09-19 21:50:55 - [MESSAGE][WARNING] - Timeout '0' is invalid. Using default page load timeout: '30'

2023-09-19 21:50:55 - [MESSAGE][PASSED] - Object 'Object Repository/user_edit_profile/user_input_nama' is present

2023-09-19 21:50:55 - [MESSAGE][WARNING] - Timeout '0' is invalid. Using default page load timeout: '30'

2023-09-19 21:50:55 - [MESSAGE][PASSED] - Object 'Object Repository/user_edit_profile/user_input_alamat' is present

2023-09-19 21:50:55 - [MESSAGE][WARNING] - Timeout '0' is invalid. Using default page load timeout: '30'

2023-09-19 21:50:56 - [MESSAGE][PASSED] - Object 'Object Repository/user_edit_profile/user_submit_image' is present

2023-09-19 21:50:56 - [MESSAGE][PASSED] - Browser is closed

2023-09-19 21:50:56 - [MESSAGE][INFO] - Starting 'Chrome' driver

2023-09-19 21:50:56 - [MESSAGE][INFO] - Action delay is set to 0 milliseconds

2023-09-19 21:51:03 - [MESSAGE][PASSED] - Browser is opened with url: 'https://secondhand.binaracademy.org/users/sign_in'

2023-09-19 21:51:03 - [MESSAGE][PASSED] - Current window maximized

2023-09-19 21:51:03 - [MESSAGE][WARNING] - Timeout '0' is invalid. Using default page load timeout: '30'

2023-09-19 21:51:04 - [MESSAGE][PASSED] - Object 'Object Repository/user_login/user_input_email' is present

2023-09-19 21:51:04 - [MESSAGE][WARNING] - Timeout '0' is invalid. Using default page load timeout: '30'

2023-09-19 21:51:04 - [MESSAGE][PASSED] - Object 'Object Repository/user_login/user_input_password' is present

2023-09-19 21:51:04 - [MESSAGE][WARNING] - Timeout '0' is invalid. Using default page load timeout: '30'

2023-09-19 21:51:04 - [MESSAGE][PASSED] - Object 'Object Repository/user_login/user_click_btn_masuk' is present

2023-09-19 21:51:04 - [MESSAGE][WARNING] - Timeout '0' is invalid. Using default page load timeout: '30'

2023-09-19 21:51:05 - [MESSAGE][PASSED] - Object 'Object Repository/user_login/user_click_link_Daftar_di_sini' is present

2023-09-19 21:51:06 - [MESSAGE][PASSED] - Text 'septiani@gmail.com' is set on object 'Object Repository/user_login/user_input_email'

2023-09-19 21:51:06 - [MESSAGE][PASSED] - Text 'qwerty12345' is set on object 'Object Repository/user_login/user_input_password'

2023-09-19 21:51:07 - [MESSAGE][PASSED] - Object: 'Object Repository/user_login/user_click_btn_masuk' is clicked on

2023-09-19 21:51:07 - [MESSAGE][WARNING] - Timeout '0' is invalid. Using default page load timeout: '30'

2023-09-19 21:51:07 - [MESSAGE][PASSED] - Object 'Object Repository/user_visit_homepage/click_button_profile' is present

2023-09-19 21:51:08 - [MESSAGE][WARNING] - Timeout '0' is invalid. Using default page load timeout: '30'

2023-09-19 21:51:08 - [MESSAGE][PASSED] - Object 'Object Repository/user_visit_homepage/click_button_notification' is present

2023-09-19 21:51:08 - [MESSAGE][WARNING] - Timeout '0' is invalid. Using default page load timeout: '30'

2023-09-19 21:51:08 - [MESSAGE][PASSED] - Object 'Object Repository/user_visit_homepage/click_button_daftar_product' is present

2023-09-19 21:51:08 - [MESSAGE][PASSED] - Object: 'Object Repository/user_visit_homepage/click_button_profile' is clicked on

2023-09-19 21:51:09 - [MESSAGE][WARNING] - Timeout '0' is invalid. Using default page load timeout: '30'

2023-09-19 21:51:09 - [MESSAGE][PASSED] - Object 'Object Repository/user_visit_homepage/click_profile_account' is present

2023-09-19 21:51:09 - [MESSAGE][PASSED] - Object: 'Object Repository/user_visit_homepage/click_profile_account' is clicked on

2023-09-19 21:51:09 - [MESSAGE][WARNING] - Timeout '0' is invalid. Using default page load timeout: '30'

2023-09-19 21:51:10 - [MESSAGE][PASSED] - Object 'Object Repository/user_edit_profile/user_input_nama' is present

2023-09-19 21:51:10 - [MESSAGE][WARNING] - Timeout '0' is invalid. Using default page load timeout: '30'

2023-09-19 21:51:10 - [MESSAGE][PASSED] - Object 'Object Repository/user_edit_profile/user_input_alamat' is present

2023-09-19 21:51:10 - [MESSAGE][PASSED] - Text of object 'Object Repository/user_edit_profile/user_input_alamat' is cleared

2023-09-19 21:51:13 - [MESSAGE][PASSED] - Object: 'Object Repository/user_edit_profile/user_click_button_simpan' is clicked on

2023-09-19 21:51:13 - [MESSAGE][PASSED] - Attribute 'Please fill in this field' of object 'Object Repository/user_edit_profile/user_input_alamat' is: 'null'

2023-09-19 21:51:14 - [MESSAGE][PASSED] - Attribute 'Please fill in this field' of object 'Object Repository/user_edit_profile/user_input_nama' is: 'null'

2023-09-19 21:51:14 - [MESSAGE][PASSED] - Attribute 'Please fill in this field' of object 'Object Repository/user_edit_profile/user_input_no_handphone' is: 'null'

2023-09-19 21:51:14 - [MESSAGE][PASSED] - Attribute 'Please select an item in the list' of object 'Object Repository/user_edit_profile/user_select_kota' is: 'null'

2023-09-19 21:51:14 - [MESSAGE][WARNING] - Timeout '0' is invalid. Using default page load timeout: '30'

2023-09-19 21:51:14 - [MESSAGE][PASSED] - Object 'Object Repository/user_edit_profile/user_input_nama' is present

2023-09-19 21:51:15 - [MESSAGE][WARNING] - Timeout '0' is invalid. Using default page load timeout: '30'

2023-09-19 21:51:15 - [MESSAGE][PASSED] - Object 'Object Repository/user_edit_profile/user_input_alamat' is present

2023-09-19 21:51:15 - [MESSAGE][WARNING] - Timeout '0' is invalid. Using default page load timeout: '30'

2023-09-19 21:51:15 - [MESSAGE][PASSED] - Object 'Object Repository/user_edit_profile/user_submit_image' is present

2023-09-19 21:51:15 - [MESSAGE][PASSED] - Browser is closed

2023-09-19 21:51:15 - [MESSAGE][INFO] - Starting 'Chrome' driver

2023-09-19 21:51:15 - [MESSAGE][INFO] - Action delay is set to 0 milliseconds

2023-09-19 21:51:24 - [MESSAGE][PASSED] - Browser is opened with url: 'https://secondhand.binaracademy.org/users/sign_in'

2023-09-19 21:51:24 - [MESSAGE][PASSED] - Current window maximized

2023-09-19 21:51:24 - [MESSAGE][WARNING] - Timeout '0' is invalid. Using default page load timeout: '30'

2023-09-19 21:51:24 - [MESSAGE][PASSED] - Object 'Object Repository/user_login/user_input_email' is present

2023-09-19 21:51:24 - [MESSAGE][WARNING] - Timeout '0' is invalid. Using default page load timeout: '30'

2023-09-19 21:51:25 - [MESSAGE][PASSED] - Object 'Object Repository/user_login/user_input_password' is present

2023-09-19 21:51:25 - [MESSAGE][WARNING] - Timeout '0' is invalid. Using default page load timeout: '30'

2023-09-19 21:51:25 - [MESSAGE][PASSED] - Object 'Object Repository/user_login/user_click_btn_masuk' is present

2023-09-19 21:51:25 - [MESSAGE][WARNING] - Timeout '0' is invalid. Using default page load timeout: '30'

2023-09-19 21:51:25 - [MESSAGE][PASSED] - Object 'Object Repository/user_login/user_click_link_Daftar_di_sini' is present

2023-09-19 21:51:26 - [MESSAGE][PASSED] - Text 'septiani@gmail.com' is set on object 'Object Repository/user_login/user_input_email'

2023-09-19 21:51:27 - [MESSAGE][PASSED] - Text 'qwerty12345' is set on object 'Object Repository/user_login/user_input_password'

2023-09-19 21:51:27 - [MESSAGE][PASSED] - Object: 'Object Repository/user_login/user_click_btn_masuk' is clicked on

2023-09-19 21:51:27 - [MESSAGE][WARNING] - Timeout '0' is invalid. Using default page load timeout: '30'

2023-09-19 21:51:28 - [MESSAGE][PASSED] - Object 'Object Repository/user_visit_homepage/click_button_profile' is present

2023-09-19 21:51:28 - [MESSAGE][WARNING] - Timeout '0' is invalid. Using default page load timeout: '30'

2023-09-19 21:51:28 - [MESSAGE][PASSED] - Object 'Object Repository/user_visit_homepage/click_button_notification' is present

2023-09-19 21:51:28 - [MESSAGE][WARNING] - Timeout '0' is invalid. Using default page load timeout: '30'

2023-09-19 21:51:29 - [MESSAGE][PASSED] - Object 'Object Repository/user_visit_homepage/click_button_daftar_product' is present

2023-09-19 21:51:29 - [MESSAGE][PASSED] - Object: 'Object Repository/user_visit_homepage/click_button_profile' is clicked on

2023-09-19 21:51:29 - [MESSAGE][WARNING] - Timeout '0' is invalid. Using default page load timeout: '30'

2023-09-19 21:51:29 - [MESSAGE][PASSED] - Object 'Object Repository/user_visit_homepage/click_profile_account' is present

2023-09-19 21:51:30 - [MESSAGE][PASSED] - Object: 'Object Repository/user_visit_homepage/click_profile_account' is clicked on

2023-09-19 21:51:30 - [MESSAGE][WARNING] - Timeout '0' is invalid. Using default page load timeout: '30'

2023-09-19 21:51:30 - [MESSAGE][PASSED] - Object 'Object Repository/user_edit_profile/user_input_nama' is present

2023-09-19 21:51:30 - [MESSAGE][WARNING] - Timeout '0' is invalid. Using default page load timeout: '30'

2023-09-19 21:51:31 - [MESSAGE][PASSED] - Object 'Object Repository/user_edit_profile/user_input_alamat' is present

2023-09-19 21:51:31 - [MESSAGE][WARNING] - Timeout '0' is invalid. Using default page load timeout: '30'

2023-09-19 21:51:31 - [MESSAGE][PASSED] - Object 'Object Repository/user_edit_profile/user_input_no_handphone' is present

2023-09-19 21:51:31 - [MESSAGE][PASSED] - Text of object 'Object Repository/user_edit_profile/user_input_no_handphone' is cleared

2023-09-19 21:51:34 - [MESSAGE][PASSED] - Object: 'Object Repository/user_edit_profile/user_click_button_simpan' is clicked on

2023-09-19 21:51:34 - [MESSAGE][PASSED] - Attribute 'Please fill in this field' of object 'Object Repository/user_edit_profile/user_input_alamat' is: 'null'

2023-09-19 21:51:34 - [MESSAGE][PASSED] - Attribute 'Please fill in this field' of object 'Object Repository/user_edit_profile/user_input_nama' is: 'null'

2023-09-19 21:51:35 - [MESSAGE][PASSED] - Attribute 'Please fill in this field' of object 'Object Repository/user_edit_profile/user_input_no_handphone' is: 'null'

2023-09-19 21:51:35 - [MESSAGE][PASSED] - Attribute 'Please select an item in the list' of object 'Object Repository/user_edit_profile/user_select_kota' is: 'null'

2023-09-19 21:51:35 - [MESSAGE][WARNING] - Timeout '0' is invalid. Using default page load timeout: '30'

2023-09-19 21:51:35 - [MESSAGE][PASSED] - Object 'Object Repository/user_edit_profile/user_input_nama' is present

2023-09-19 21:51:35 - [MESSAGE][WARNING] - Timeout '0' is invalid. Using default page load timeout: '30'

2023-09-19 21:51:36 - [MESSAGE][PASSED] - Object 'Object Repository/user_edit_profile/user_input_alamat' is present

2023-09-19 21:51:36 - [MESSAGE][WARNING] - Timeout '0' is invalid. Using default page load timeout: '30'

2023-09-19 21:51:36 - [MESSAGE][PASSED] - Object 'Object Repository/user_edit_profile/user_submit_image' is present

2023-09-19 21:51:36 - [MESSAGE][PASSED] - Browser is closed

2023-09-19 21:51:36 - [MESSAGE][INFO] - Starting 'Chrome' driver

2023-09-19 21:51:36 - [MESSAGE][INFO] - Action delay is set to 0 milliseconds

2023-09-19 21:51:44 - [MESSAGE][PASSED] - Browser is opened with url: 'https://secondhand.binaracademy.org/users/sign_in'

2023-09-19 21:51:44 - [MESSAGE][PASSED] - Current window maximized

2023-09-19 21:51:44 - [MESSAGE][WARNING] - Timeout '0' is invalid. Using default page load timeout: '30'

2023-09-19 21:51:45 - [MESSAGE][PASSED] - Object 'Object Repository/user_login/user_input_email' is present

2023-09-19 21:51:45 - [MESSAGE][WARNING] - Timeout '0' is invalid. Using default page load timeout: '30'

2023-09-19 21:51:45 - [MESSAGE][PASSED] - Object 'Object Repository/user_login/user_input_password' is present

2023-09-19 21:51:45 - [MESSAGE][WARNING] - Timeout '0' is invalid. Using default page load timeout: '30'

2023-09-19 21:51:45 - [MESSAGE][PASSED] - Object 'Object Repository/user_login/user_click_btn_masuk' is present

2023-09-19 21:51:45 - [MESSAGE][WARNING] - Timeout '0' is invalid. Using default page load timeout: '30'

2023-09-19 21:51:46 - [MESSAGE][PASSED] - Object 'Object Repository/user_login/user_click_link_Daftar_di_sini' is present

2023-09-19 21:51:46 - [MESSAGE][PASSED] - Text 'septiani@gmail.com' is set on object 'Object Repository/user_login/user_input_email'

2023-09-19 21:51:47 - [MESSAGE][PASSED] - Text 'qwerty12345' is set on object 'Object Repository/user_login/user_input_password'

2023-09-19 21:51:47 - [MESSAGE][PASSED] - Object: 'Object Repository/user_login/user_click_btn_masuk' is clicked on

2023-09-19 21:51:48 - [MESSAGE][WARNING] - Timeout '0' is invalid. Using default page load timeout: '30'

2023-09-19 21:51:48 - [MESSAGE][PASSED] - Object 'Object Repository/user_visit_homepage/click_button_profile' is present

2023-09-19 21:51:49 - [MESSAGE][WARNING] - Timeout '0' is invalid. Using default page load timeout: '30'

2023-09-19 21:51:49 - [MESSAGE][PASSED] - Object 'Object Repository/user_visit_homepage/click_button_notification' is present

2023-09-19 21:51:49 - [MESSAGE][WARNING] - Timeout '0' is invalid. Using default page load timeout: '30'

2023-09-19 21:51:49 - [MESSAGE][PASSED] - Object 'Object Repository/user_visit_homepage/click_button_daftar_product' is present

2023-09-19 21:51:49 - [MESSAGE][PASSED] - Object: 'Object Repository/user_visit_homepage/click_button_profile' is clicked on

2023-09-19 21:51:50 - [MESSAGE][WARNING] - Timeout '0' is invalid. Using default page load timeout: '30'

2023-09-19 21:51:50 - [MESSAGE][PASSED] - Object 'Object Repository/user_visit_homepage/click_profile_account' is present

2023-09-19 21:51:50 - [MESSAGE][PASSED] - Object: 'Object Repository/user_visit_homepage/click_profile_account' is clicked on

2023-09-19 21:51:50 - [MESSAGE][WARNING] - Timeout '0' is invalid. Using default page load timeout: '30'

2023-09-19 21:51:51 - [MESSAGE][PASSED] - Object 'Object Repository/user_edit_profile/user_submit_image' is present

2023-09-19 21:51:51 - [MESSAGE][WARNING] - Timeout '0' is invalid. Using default page load timeout: '30'

2023-09-19 21:51:51 - [MESSAGE][PASSED] - Object 'Object Repository/user_edit_profile/user_input_nama' is present

2023-09-19 21:51:51 - [MESSAGE][WARNING] - Timeout '0' is invalid. Using default page load timeout: '30'

2023-09-19 21:51:51 - [MESSAGE][PASSED] - Object 'Object Repository/user_edit_profile/user_input_alamat' is present

2023-09-19 21:51:52 - [MESSAGE][PASSED] - File '//Users//syaviraalatas//REZA//Bootcamp Binar Academy//QAE Quality Assurance Engineer//screenshoot//foto 1,1mb.png' sent to object: 'Object Repository/user_edit_profile/user_submit_image'

2023-09-19 21:51:54 - [MESSAGE][PASSED] - Object: 'Object Repository/user_edit_profile/user_click_button_simpan' is clicked on

2023-09-19 21:51:56 - [MESSAGE][PASSED] - Attribute 'Please fill in this field' of object 'Object Repository/user_edit_profile/user_input_alamat' is: 'null'

2023-09-19 21:51:56 - [MESSAGE][PASSED] - Attribute 'Please fill in this field' of object 'Object Repository/user_edit_profile/user_input_nama' is: 'null'

2023-09-19 21:51:57 - [MESSAGE][PASSED] - Attribute 'Please fill in this field' of object 'Object Repository/user_edit_profile/user_input_no_handphone' is: 'null'

2023-09-19 21:51:57 - [MESSAGE][PASSED] - Attribute 'Please select an item in the list' of object 'Object Repository/user_edit_profile/user_select_kota' is: 'null'

2023-09-19 21:51:57 - [MESSAGE][WARNING] - Timeout '0' is invalid. Using default page load timeout: '30'

2023-09-19 21:51:57 - [MESSAGE][PASSED] - Object 'Object Repository/user_edit_profile/user_input_nama' is present

2023-09-19 21:51:57 - [MESSAGE][WARNING] - Timeout '0' is invalid. Using default page load timeout: '30'

2023-09-19 21:51:57 - [MESSAGE][PASSED] - Object 'Object Repository/user_edit_profile/user_input_alamat' is present

2023-09-19 21:51:57 - [MESSAGE][WARNING] - Timeout '0' is invalid. Using default page load timeout: '30'

2023-09-19 21:51:58 - [MESSAGE][PASSED] - Object 'Object Repository/user_edit_profile/user_submit_image' is present

2023-09-19 21:51:58 - [MESSAGE][PASSED] - Browser is closed

2023-09-19 21:51:58 - [MESSAGE][INFO] - Starting 'Chrome' driver

2023-09-19 21:51:58 - [MESSAGE][INFO] - Action delay is set to 0 milliseconds

2023-09-19 21:52:05 - [MESSAGE][PASSED] - Browser is opened with url: 'https://secondhand.binaracademy.org/users/sign_in'

2023-09-19 21:52:05 - [MESSAGE][PASSED] - Current window maximized

2023-09-19 21:52:05 - [MESSAGE][WARNING] - Timeout '0' is invalid. Using default page load timeout: '30'

2023-09-19 21:52:06 - [MESSAGE][PASSED] - Object 'Object Repository/user_login/user_input_email' is present

2023-09-19 21:52:06 - [MESSAGE][WARNING] - Timeout '0' is invalid. Using default page load timeout: '30'

2023-09-19 21:52:06 - [MESSAGE][PASSED] - Object 'Object Repository/user_login/user_input_password' is present

2023-09-19 21:52:06 - [MESSAGE][WARNING] - Timeout '0' is invalid. Using default page load timeout: '30'

2023-09-19 21:52:06 - [MESSAGE][PASSED] - Object 'Object Repository/user_login/user_click_btn_masuk' is present

2023-09-19 21:52:06 - [MESSAGE][WARNING] - Timeout '0' is invalid. Using default page load timeout: '30'

2023-09-19 21:52:07 - [MESSAGE][PASSED] - Object 'Object Repository/user_login/user_click_link_Daftar_di_sini' is present

2023-09-19 21:52:07 - [MESSAGE][PASSED] - Text 'septiani@gmail.com' is set on object 'Object Repository/user_login/user_input_email'

2023-09-19 21:52:08 - [MESSAGE][PASSED] - Text 'qwerty12345' is set on object 'Object Repository/user_login/user_input_password'

2023-09-19 21:52:08 - [MESSAGE][PASSED] - Object: 'Object Repository/user_login/user_click_btn_masuk' is clicked on

2023-09-19 21:52:09 - [MESSAGE][PASSED] - Object: 'Object Repository/user_visit_homepage/user_click_btn_jual' is clicked on

2023-09-19 21:52:10 - [MESSAGE][WARNING] - Timeout '0' is invalid. Using default page load timeout: '30'

2023-09-19 21:52:10 - [MESSAGE][PASSED] - Object 'Object Repository/user_add_product/user_input_productname' is present

2023-09-19 21:52:10 - [MESSAGE][WARNING] - Timeout '0' is invalid. Using default page load timeout: '30'

2023-09-19 21:52:10 - [MESSAGE][PASSED] - Object 'Object Repository/user_add_product/user_input_productprice' is present

2023-09-19 21:52:10 - [MESSAGE][WARNING] - Timeout '0' is invalid. Using default page load timeout: '30'

2023-09-19 21:52:11 - [MESSAGE][PASSED] - Object 'Object Repository/user_add_product/user_select_category' is present

2023-09-19 21:52:11 - [MESSAGE][WARNING] - Timeout '0' is invalid. Using default page load timeout: '30'

2023-09-19 21:52:11 - [MESSAGE][PASSED] - Object 'Object Repository/user_add_product/user_input_productdescription' is present

2023-09-19 21:52:11 - [MESSAGE][WARNING] - Timeout '0' is invalid. Using default page load timeout: '30'

2023-09-19 21:52:11 - [MESSAGE][PASSED] - Object 'Object Repository/user_add_product/user_input_image' is present

2023-09-19 21:52:12 - [MESSAGE][PASSED] - Text 'Group4_Laptop ASUS' is set on object 'Object Repository/user_add_product/user_input_productname'

2023-09-19 21:52:13 - [MESSAGE][PASSED] - Text '6000000' is set on object 'Object Repository/user_add_product/user_input_productprice'

2023-09-19 21:52:13 - [MESSAGE][PASSED] - All options with value '4' are selected in object 'Object Repository/user_add_product/user_select_category' 

2023-09-19 21:52:14 - [MESSAGE][PASSED] - Text 'High-quality electronics' is set on object 'Object Repository/user_add_product/user_input_productdescription'

2023-09-19 21:52:14 - [MESSAGE][PASSED] - File '/Users/syaviraalatas/REZA/Bootcamp Binar Academy/QAE Quality Assurance Engineer/Challange Level Platinum/katalon/Images/laptop_asus.jpg' sent to object: 'Object Repository/user_add_product/user_input_image'

2023-09-19 21:52:20 - [MESSAGE][PASSED] - Object: 'Object Repository/user_add_product/user_click_terbitkan' is clicked on

2023-09-19 21:52:20 - [MESSAGE][WARNING] - Timeout '0' is invalid. Using default page load timeout: '30'

2023-09-19 21:52:21 - [MESSAGE][PASSED] - Object 'Object Repository/user_add_product/sellerProductDetail/deskripsi_element' is present

2023-09-19 21:52:26 - [MESSAGE][PASSED] - Delayed 5 second(s)

2023-09-19 21:52:26 - [MESSAGE][PASSED] - Browser is closed

2023-09-19 21:52:26 - [MESSAGE][INFO] - Starting 'Chrome' driver

2023-09-19 21:52:26 - [MESSAGE][INFO] - Action delay is set to 0 milliseconds

2023-09-19 21:52:33 - [MESSAGE][PASSED] - Browser is opened with url: 'https://secondhand.binaracademy.org/users/sign_in'

2023-09-19 21:52:33 - [MESSAGE][PASSED] - Current window maximized

2023-09-19 21:52:34 - [MESSAGE][WARNING] - Timeout '0' is invalid. Using default page load timeout: '30'

2023-09-19 21:52:34 - [MESSAGE][PASSED] - Object 'Object Repository/user_login/user_input_email' is present

2023-09-19 21:52:34 - [MESSAGE][WARNING] - Timeout '0' is invalid. Using default page load timeout: '30'

2023-09-19 21:52:34 - [MESSAGE][PASSED] - Object 'Object Repository/user_login/user_input_password' is present

2023-09-19 21:52:34 - [MESSAGE][WARNING] - Timeout '0' is invalid. Using default page load timeout: '30'

2023-09-19 21:52:34 - [MESSAGE][PASSED] - Object 'Object Repository/user_login/user_click_btn_masuk' is present

2023-09-19 21:52:35 - [MESSAGE][WARNING] - Timeout '0' is invalid. Using default page load timeout: '30'

2023-09-19 21:52:35 - [MESSAGE][PASSED] - Object 'Object Repository/user_login/user_click_link_Daftar_di_sini' is present

2023-09-19 21:52:36 - [MESSAGE][PASSED] - Text 'septiani@gmail.com' is set on object 'Object Repository/user_login/user_input_email'

2023-09-19 21:52:36 - [MESSAGE][PASSED] - Text 'qwerty12345' is set on object 'Object Repository/user_login/user_input_password'

2023-09-19 21:52:37 - [MESSAGE][PASSED] - Object: 'Object Repository/user_login/user_click_btn_masuk' is clicked on

2023-09-19 21:52:38 - [MESSAGE][PASSED] - Object: 'Object Repository/user_visit_homepage/user_click_btn_jual' is clicked on

2023-09-19 21:52:38 - [MESSAGE][WARNING] - Timeout '0' is invalid. Using default page load timeout: '30'

2023-09-19 21:52:38 - [MESSAGE][PASSED] - Object 'Object Repository/user_add_product/user_input_productname' is present

2023-09-19 21:52:38 - [MESSAGE][WARNING] - Timeout '0' is invalid. Using default page load timeout: '30'

2023-09-19 21:52:38 - [MESSAGE][PASSED] - Object 'Object Repository/user_add_product/user_input_productprice' is present

2023-09-19 21:52:39 - [MESSAGE][WARNING] - Timeout '0' is invalid. Using default page load timeout: '30'

2023-09-19 21:52:39 - [MESSAGE][PASSED] - Object 'Object Repository/user_add_product/user_select_category' is present

2023-09-19 21:52:39 - [MESSAGE][WARNING] - Timeout '0' is invalid. Using default page load timeout: '30'

2023-09-19 21:52:39 - [MESSAGE][PASSED] - Object 'Object Repository/user_add_product/user_input_productdescription' is present

2023-09-19 21:52:39 - [MESSAGE][WARNING] - Timeout '0' is invalid. Using default page load timeout: '30'

2023-09-19 21:52:39 - [MESSAGE][PASSED] - Object 'Object Repository/user_add_product/user_input_image' is present

2023-09-19 21:52:40 - [MESSAGE][PASSED] - Text 'Smartphone' is set on object 'Object Repository/user_add_product/user_input_productname'

2023-09-19 21:52:41 - [MESSAGE][PASSED] - Text '3000000' is set on object 'Object Repository/user_add_product/user_input_productprice'

2023-09-19 21:52:41 - [MESSAGE][PASSED] - All options with value '4' are selected in object 'Object Repository/user_add_product/user_select_category' 

2023-09-19 21:52:42 - [MESSAGE][PASSED] - Text 'High-quality smartphone' is set on object 'Object Repository/user_add_product/user_input_productdescription'

2023-09-19 21:52:42 - [MESSAGE][PASSED] - File '/Users/syaviraalatas/REZA/Bootcamp Binar Academy/QAE Quality Assurance Engineer/Challange Level Platinum/katalon/Images/smartphone.jpg' sent to object: 'Object Repository/user_add_product/user_input_image'

2023-09-19 21:52:45 - [MESSAGE][PASSED] - Object: 'Object Repository/user_add_product/user_click_preview' is clicked on

2023-09-19 21:52:45 - [MESSAGE][WARNING] - Timeout '0' is invalid. Using default page load timeout: '30'

2023-09-19 21:52:46 - [MESSAGE][PASSED] - Object 'Object Repository/user_add_product/previewPage/terbitkanButton_element' is present

2023-09-19 21:52:51 - [MESSAGE][PASSED] - Delayed 5 second(s)

2023-09-19 21:52:51 - [MESSAGE][PASSED] - Browser is closed

2023-09-19 21:52:51 - [MESSAGE][INFO] - Starting 'Chrome' driver

2023-09-19 21:52:51 - [MESSAGE][INFO] - Action delay is set to 0 milliseconds

2023-09-19 21:52:58 - [MESSAGE][PASSED] - Browser is opened with url: 'https://secondhand.binaracademy.org/users/sign_in'

2023-09-19 21:52:59 - [MESSAGE][PASSED] - Current window maximized

2023-09-19 21:52:59 - [MESSAGE][WARNING] - Timeout '0' is invalid. Using default page load timeout: '30'

2023-09-19 21:52:59 - [MESSAGE][PASSED] - Object 'Object Repository/user_login/user_input_email' is present

2023-09-19 21:52:59 - [MESSAGE][WARNING] - Timeout '0' is invalid. Using default page load timeout: '30'

2023-09-19 21:52:59 - [MESSAGE][PASSED] - Object 'Object Repository/user_login/user_input_password' is present

2023-09-19 21:52:59 - [MESSAGE][WARNING] - Timeout '0' is invalid. Using default page load timeout: '30'

2023-09-19 21:53:00 - [MESSAGE][PASSED] - Object 'Object Repository/user_login/user_click_btn_masuk' is present

2023-09-19 21:53:00 - [MESSAGE][WARNING] - Timeout '0' is invalid. Using default page load timeout: '30'

2023-09-19 21:53:00 - [MESSAGE][PASSED] - Object 'Object Repository/user_login/user_click_link_Daftar_di_sini' is present

2023-09-19 21:53:01 - [MESSAGE][PASSED] - Text 'septiani@gmail.com' is set on object 'Object Repository/user_login/user_input_email'

2023-09-19 21:53:01 - [MESSAGE][PASSED] - Text 'qwerty12345' is set on object 'Object Repository/user_login/user_input_password'

2023-09-19 21:53:02 - [MESSAGE][PASSED] - Object: 'Object Repository/user_login/user_click_btn_masuk' is clicked on

2023-09-19 21:53:03 - [MESSAGE][PASSED] - Object: 'Object Repository/user_visit_homepage/user_click_btn_jual' is clicked on

2023-09-19 21:53:03 - [MESSAGE][WARNING] - Timeout '0' is invalid. Using default page load timeout: '30'

2023-09-19 21:53:03 - [MESSAGE][PASSED] - Object 'Object Repository/user_add_product/user_input_productname' is present

2023-09-19 21:53:03 - [MESSAGE][WARNING] - Timeout '0' is invalid. Using default page load timeout: '30'

2023-09-19 21:53:03 - [MESSAGE][PASSED] - Object 'Object Repository/user_add_product/user_input_productprice' is present

2023-09-19 21:53:04 - [MESSAGE][WARNING] - Timeout '0' is invalid. Using default page load timeout: '30'

2023-09-19 21:53:04 - [MESSAGE][PASSED] - Object 'Object Repository/user_add_product/user_select_category' is present

2023-09-19 21:53:04 - [MESSAGE][WARNING] - Timeout '0' is invalid. Using default page load timeout: '30'

2023-09-19 21:53:04 - [MESSAGE][PASSED] - Object 'Object Repository/user_add_product/user_input_productdescription' is present

2023-09-19 21:53:04 - [MESSAGE][WARNING] - Timeout '0' is invalid. Using default page load timeout: '30'

2023-09-19 21:53:04 - [MESSAGE][PASSED] - Object 'Object Repository/user_add_product/user_input_image' is present

2023-09-19 21:53:05 - [MESSAGE][PASSED] - Text '' is set on object 'Object Repository/user_add_product/user_input_productname'

2023-09-19 21:53:06 - [MESSAGE][PASSED] - Text '1500000' is set on object 'Object Repository/user_add_product/user_input_productprice'

2023-09-19 21:53:06 - [MESSAGE][PASSED] - All options with value '4' are selected in object 'Object Repository/user_add_product/user_select_category' 

2023-09-19 21:53:07 - [MESSAGE][PASSED] - Text 'Ergonomic mouse' is set on object 'Object Repository/user_add_product/user_input_productdescription'

2023-09-19 21:53:07 - [MESSAGE][PASSED] - File '/Users/syaviraalatas/REZA/Bootcamp Binar Academy/QAE Quality Assurance Engineer/Challange Level Platinum/katalon/Images/mouse.jpg' sent to object: 'Object Repository/user_add_product/user_input_image'

2023-09-19 21:53:10 - [MESSAGE][PASSED] - Object: 'Object Repository/user_add_product/user_click_terbitkan' is clicked on

2023-09-19 21:53:10 - [MESSAGE][PASSED] - Text of object 'Object Repository/user_add_product/user_trigger_errorMessage' is: 'Name can't be blank'

2023-09-19 21:53:10 - [MESSAGE][WARNING] - Timeout '0' is invalid. Using default page load timeout: '30'

2023-09-19 21:53:11 - [MESSAGE][PASSED] - Object 'Object Repository/user_add_product/user_trigger_errorMessage' is present

2023-09-19 21:53:16 - [MESSAGE][PASSED] - Delayed 5 second(s)

2023-09-19 21:53:16 - [MESSAGE][PASSED] - Browser is closed

2023-09-19 21:53:16 - [MESSAGE][INFO] - Starting 'Chrome' driver

2023-09-19 21:53:16 - [MESSAGE][INFO] - Action delay is set to 0 milliseconds

2023-09-19 21:53:23 - [MESSAGE][PASSED] - Browser is opened with url: 'https://secondhand.binaracademy.org/users/sign_in'

2023-09-19 21:53:23 - [MESSAGE][PASSED] - Current window maximized

2023-09-19 21:53:23 - [MESSAGE][WARNING] - Timeout '0' is invalid. Using default page load timeout: '30'

2023-09-19 21:53:23 - [MESSAGE][PASSED] - Object 'Object Repository/user_login/user_input_email' is present

2023-09-19 21:53:23 - [MESSAGE][WARNING] - Timeout '0' is invalid. Using default page load timeout: '30'

2023-09-19 21:53:24 - [MESSAGE][PASSED] - Object 'Object Repository/user_login/user_input_password' is present

2023-09-19 21:53:24 - [MESSAGE][WARNING] - Timeout '0' is invalid. Using default page load timeout: '30'

2023-09-19 21:53:24 - [MESSAGE][PASSED] - Object 'Object Repository/user_login/user_click_btn_masuk' is present

2023-09-19 21:53:24 - [MESSAGE][WARNING] - Timeout '0' is invalid. Using default page load timeout: '30'

2023-09-19 21:53:24 - [MESSAGE][PASSED] - Object 'Object Repository/user_login/user_click_link_Daftar_di_sini' is present

2023-09-19 21:53:25 - [MESSAGE][PASSED] - Text 'septiani@gmail.com' is set on object 'Object Repository/user_login/user_input_email'

2023-09-19 21:53:26 - [MESSAGE][PASSED] - Text 'qwerty12345' is set on object 'Object Repository/user_login/user_input_password'

2023-09-19 21:53:26 - [MESSAGE][PASSED] - Object: 'Object Repository/user_login/user_click_btn_masuk' is clicked on

2023-09-19 21:53:27 - [MESSAGE][PASSED] - Object: 'Object Repository/user_visit_homepage/click_button_daftar_product' is clicked on

2023-09-19 21:53:27 - [MESSAGE][WARNING] - Timeout '0' is invalid. Using default page load timeout: '30'

2023-09-19 21:53:28 - [MESSAGE][PASSED] - Object 'Object Repository/user_edit_product/productListMenu_page/daftarJualSaya_element' is present

2023-09-19 21:53:28 - [MESSAGE][WARNING] - Timeout '0' is invalid. Using default page load timeout: '30'

2023-09-19 21:53:28 - [MESSAGE][PASSED] - Object 'Object Repository/user_edit_product/productListMenu_page/tambahProduk_element' is present

2023-09-19 21:53:28 - [MESSAGE][WARNING] - Timeout '0' is invalid. Using default page load timeout: '30'

2023-09-19 21:53:28 - [MESSAGE][PASSED] - Object 'Object Repository/user_edit_product/productListMenu_page/user_click_productToEdit' is present

2023-09-19 21:53:29 - [MESSAGE][PASSED] - Object: 'Object Repository/user_edit_product/productListMenu_page/user_click_productToEdit' is clicked on

2023-09-19 21:53:29 - [MESSAGE][WARNING] - Timeout '0' is invalid. Using default page load timeout: '30'

2023-09-19 21:53:29 - [MESSAGE][PASSED] - Object 'Object Repository/user_add_product/sellerProductDetail/edit_element' is present

2023-09-19 21:53:29 - [MESSAGE][WARNING] - Timeout '0' is invalid. Using default page load timeout: '30'

2023-09-19 21:53:30 - [MESSAGE][PASSED] - Object 'Object Repository/user_add_product/sellerProductDetail/delete_element' is present

2023-09-19 21:53:30 - [MESSAGE][WARNING] - Timeout '0' is invalid. Using default page load timeout: '30'

2023-09-19 21:53:30 - [MESSAGE][PASSED] - Object 'Object Repository/user_add_product/sellerProductDetail/deskripsi_element' is present

2023-09-19 21:53:30 - [MESSAGE][PASSED] - Object: 'Object Repository/user_add_product/sellerProductDetail/edit_element' is clicked on

2023-09-19 21:53:30 - [MESSAGE][WARNING] - Timeout '0' is invalid. Using default page load timeout: '30'

2023-09-19 21:53:31 - [MESSAGE][PASSED] - Object 'Object Repository/user_edit_product/user_edit_productname' is present

2023-09-19 21:53:31 - [MESSAGE][WARNING] - Timeout '0' is invalid. Using default page load timeout: '30'

2023-09-19 21:53:31 - [MESSAGE][PASSED] - Object 'Object Repository/user_edit_product/user_edit_productprice' is present

2023-09-19 21:53:31 - [MESSAGE][WARNING] - Timeout '0' is invalid. Using default page load timeout: '30'

2023-09-19 21:53:31 - [MESSAGE][PASSED] - Object 'Object Repository/user_edit_product/user_edit_category' is present

2023-09-19 21:53:31 - [MESSAGE][WARNING] - Timeout '0' is invalid. Using default page load timeout: '30'

2023-09-19 21:53:32 - [MESSAGE][PASSED] - Object 'Object Repository/user_edit_product/user_edit_description' is present

2023-09-19 21:53:32 - [MESSAGE][WARNING] - Timeout '0' is invalid. Using default page load timeout: '30'

2023-09-19 21:53:32 - [MESSAGE][PASSED] - Object 'Object Repository/user_edit_product/user_edit_productimage' is present

2023-09-19 21:53:33 - [MESSAGE][PASSED] - Text 'High-performance laptop' is set on object 'Object Repository/user_edit_product/user_edit_description'

2023-09-19 21:53:35 - [MESSAGE][PASSED] - Object: 'Object Repository/user_edit_product/user_click_terbitkan' is clicked on

2023-09-19 21:53:35 - [MESSAGE][WARNING] - Timeout '0' is invalid. Using default page load timeout: '30'

2023-09-19 21:53:36 - [MESSAGE][PASSED] - Object 'Object Repository/user_add_product/sellerProductDetail/deskripsi_element' is present

2023-09-19 21:53:41 - [MESSAGE][PASSED] - Delayed 5 second(s)

2023-09-19 21:53:41 - [MESSAGE][PASSED] - Browser is closed

2023-09-19 21:53:41 - [MESSAGE][INFO] - Starting 'Chrome' driver

2023-09-19 21:53:41 - [MESSAGE][INFO] - Action delay is set to 0 milliseconds

2023-09-19 21:53:48 - [MESSAGE][PASSED] - Browser is opened with url: 'https://secondhand.binaracademy.org/users/sign_in'

2023-09-19 21:53:49 - [MESSAGE][PASSED] - Current window maximized

2023-09-19 21:53:49 - [MESSAGE][WARNING] - Timeout '0' is invalid. Using default page load timeout: '30'

2023-09-19 21:53:49 - [MESSAGE][PASSED] - Object 'Object Repository/user_login/user_input_email' is present

2023-09-19 21:53:49 - [MESSAGE][WARNING] - Timeout '0' is invalid. Using default page load timeout: '30'

2023-09-19 21:53:49 - [MESSAGE][PASSED] - Object 'Object Repository/user_login/user_input_password' is present

2023-09-19 21:53:49 - [MESSAGE][WARNING] - Timeout '0' is invalid. Using default page load timeout: '30'

2023-09-19 21:53:50 - [MESSAGE][PASSED] - Object 'Object Repository/user_login/user_click_btn_masuk' is present

2023-09-19 21:53:50 - [MESSAGE][WARNING] - Timeout '0' is invalid. Using default page load timeout: '30'

2023-09-19 21:53:50 - [MESSAGE][PASSED] - Object 'Object Repository/user_login/user_click_link_Daftar_di_sini' is present

2023-09-19 21:53:51 - [MESSAGE][PASSED] - Text 'septiani@gmail.com' is set on object 'Object Repository/user_login/user_input_email'

2023-09-19 21:53:51 - [MESSAGE][PASSED] - Text 'qwerty12345' is set on object 'Object Repository/user_login/user_input_password'

2023-09-19 21:53:52 - [MESSAGE][PASSED] - Object: 'Object Repository/user_login/user_click_btn_masuk' is clicked on

2023-09-19 21:53:53 - [MESSAGE][PASSED] - Object: 'Object Repository/user_visit_homepage/click_button_daftar_product' is clicked on

2023-09-19 21:53:53 - [MESSAGE][WARNING] - Timeout '0' is invalid. Using default page load timeout: '30'

2023-09-19 21:53:53 - [MESSAGE][PASSED] - Object 'Object Repository/user_edit_product/productListMenu_page/daftarJualSaya_element' is present

2023-09-19 21:53:53 - [MESSAGE][WARNING] - Timeout '0' is invalid. Using default page load timeout: '30'

2023-09-19 21:53:54 - [MESSAGE][PASSED] - Object 'Object Repository/user_edit_product/productListMenu_page/tambahProduk_element' is present

2023-09-19 21:53:54 - [MESSAGE][WARNING] - Timeout '0' is invalid. Using default page load timeout: '30'

2023-09-19 21:53:54 - [MESSAGE][PASSED] - Object 'Object Repository/user_edit_product/productListMenu_page/user_click_productToEdit' is present

2023-09-19 21:53:54 - [MESSAGE][PASSED] - Object: 'Object Repository/user_edit_product/productListMenu_page/user_click_productToEdit' is clicked on

2023-09-19 21:53:54 - [MESSAGE][WARNING] - Timeout '0' is invalid. Using default page load timeout: '30'

2023-09-19 21:53:55 - [MESSAGE][PASSED] - Object 'Object Repository/user_add_product/sellerProductDetail/edit_element' is present

2023-09-19 21:53:55 - [MESSAGE][WARNING] - Timeout '0' is invalid. Using default page load timeout: '30'

2023-09-19 21:53:55 - [MESSAGE][PASSED] - Object 'Object Repository/user_add_product/sellerProductDetail/delete_element' is present

2023-09-19 21:53:55 - [MESSAGE][WARNING] - Timeout '0' is invalid. Using default page load timeout: '30'

2023-09-19 21:53:56 - [MESSAGE][PASSED] - Object 'Object Repository/user_add_product/sellerProductDetail/deskripsi_element' is present

2023-09-19 21:53:56 - [MESSAGE][PASSED] - Object: 'Object Repository/user_add_product/sellerProductDetail/edit_element' is clicked on

2023-09-19 21:53:56 - [MESSAGE][WARNING] - Timeout '0' is invalid. Using default page load timeout: '30'

2023-09-19 21:53:57 - [MESSAGE][PASSED] - Object 'Object Repository/user_edit_product/user_edit_productname' is present

2023-09-19 21:53:57 - [MESSAGE][WARNING] - Timeout '0' is invalid. Using default page load timeout: '30'

2023-09-19 21:53:57 - [MESSAGE][PASSED] - Object 'Object Repository/user_edit_product/user_edit_productprice' is present

2023-09-19 21:53:57 - [MESSAGE][WARNING] - Timeout '0' is invalid. Using default page load timeout: '30'

2023-09-19 21:53:57 - [MESSAGE][PASSED] - Object 'Object Repository/user_edit_product/user_edit_category' is present

2023-09-19 21:53:57 - [MESSAGE][WARNING] - Timeout '0' is invalid. Using default page load timeout: '30'

2023-09-19 21:53:57 - [MESSAGE][PASSED] - Object 'Object Repository/user_edit_product/user_edit_description' is present

2023-09-19 21:53:57 - [MESSAGE][WARNING] - Timeout '0' is invalid. Using default page load timeout: '30'

2023-09-19 21:53:58 - [MESSAGE][PASSED] - Object 'Object Repository/user_edit_product/user_edit_productimage' is present

2023-09-19 21:53:58 - [MESSAGE][PASSED] - Text '6000000ab' is set on object 'Object Repository/user_edit_product/user_edit_productprice'

2023-09-19 21:53:58 - [MESSAGE][WARNING] - Timeout '0' is invalid. Using default page load timeout: '30'

2023-09-19 21:53:59 - [MESSAGE][PASSED] - Object 'Object Repository/user_edit_product/user_click_preview' is present

2023-09-19 21:53:59 - [MESSAGE][WARNING] - Timeout '0' is invalid. Using default page load timeout: '30'

2023-09-19 21:53:59 - [MESSAGE][PASSED] - Object 'Object Repository/user_edit_product/user_click_terbitkan' is present

2023-09-19 21:54:04 - [MESSAGE][PASSED] - Delayed 5 second(s)

2023-09-19 21:54:04 - [MESSAGE][PASSED] - Browser is closed

2023-09-19 21:54:04 - [MESSAGE][INFO] - Starting 'Chrome' driver

2023-09-19 21:54:04 - [MESSAGE][INFO] - Action delay is set to 0 milliseconds

2023-09-19 21:54:11 - [MESSAGE][PASSED] - Browser is opened with url: 'https://secondhand.binaracademy.org/'

2023-09-19 21:54:12 - [MESSAGE][PASSED] - Current window maximized

2023-09-19 21:54:12 - [MESSAGE][WARNING] - Timeout '0' is invalid. Using default page load timeout: '30'

2023-09-19 21:54:12 - [MESSAGE][PASSED] - Object 'Object Repository/user_visit_homepage/user_input_keyword' is present

2023-09-19 21:54:12 - [MESSAGE][WARNING] - Timeout '0' is invalid. Using default page load timeout: '30'

2023-09-19 21:54:12 - [MESSAGE][PASSED] - Object 'Object Repository/user_visit_homepage/user_see_Telusuri_Kategori' is present

2023-09-19 21:54:13 - [MESSAGE][PASSED] - Execute JavaScript 'arguments[0].click()' successfully

2023-09-19 21:54:13 - [MESSAGE][WARNING] - Timeout '0' is invalid. Using default page load timeout: '30'

2023-09-19 21:54:14 - [MESSAGE][PASSED] - Object 'Object Repository/user_visit_homepage/user_product_list' is present

2023-09-19 21:54:14 - [MESSAGE][WARNING] - Timeout '0' is invalid. Using default page load timeout: '30'

2023-09-19 21:54:14 - [MESSAGE][PASSED] - Object 'Object Repository/user_visit_homepage/user_product_list' is present

2023-09-19 21:54:14 - [MESSAGE][WARNING] - Timeout '0' is invalid. Using default page load timeout: '30'

2023-09-19 21:54:14 - [MESSAGE][PASSED] - Object 'Object Repository/user_visit_homepage/user_see_result_category' is present

2023-09-19 21:54:14 - [MESSAGE][PASSED] - Actual text and expected text of test object 'Object Repository/user_visit_homepage/user_see_result_category' are matched.

2023-09-19 21:54:14 - [MESSAGE][WARNING] - A browser is already opened. Closing browser and opening a new one

2023-09-19 21:54:14 - [MESSAGE][INFO] - Starting 'Chrome' driver

2023-09-19 21:54:14 - [MESSAGE][INFO] - Action delay is set to 0 milliseconds

2023-09-19 21:54:23 - [MESSAGE][PASSED] - Browser is opened with url: 'https://secondhand.binaracademy.org/'

2023-09-19 21:54:23 - [MESSAGE][PASSED] - Current window maximized

2023-09-19 21:54:24 - [MESSAGE][PASSED] - Object 'Object Repository/user_visit_homepage/user_input_keyword' is present

2023-09-19 21:54:24 - [MESSAGE][WARNING] - Timeout '0' is invalid. Using default page load timeout: '30'

2023-09-19 21:54:24 - [MESSAGE][PASSED] - Object 'Object Repository/user_visit_homepage/user_input_keyword' is present

2023-09-19 21:54:25 - [MESSAGE][PASSED] - Text 'Group4_Laptop ASUS' is set on object 'Object Repository/user_visit_homepage/user_input_keyword'

2023-09-19 21:54:25 - [MESSAGE][PASSED] - Keys 'ENTER + ' sent to object: 'Object Repository/user_visit_homepage/user_input_keyword'

2023-09-19 21:54:25 - [MESSAGE][WARNING] - Timeout '0' is invalid. Using default page load timeout: '30'

2023-09-19 21:54:26 - [MESSAGE][PASSED] - Object 'Object Repository/user_visit_homepage/user_product_list' is present

2023-09-19 21:54:26 - [MESSAGE][WARNING] - Timeout '0' is invalid. Using default page load timeout: '30'

2023-09-19 21:54:26 - [MESSAGE][PASSED] - Object 'Object Repository/user_visit_homepage/user_see_Telusuri_Kategori' is present

2023-09-19 21:54:26 - [MESSAGE][WARNING] - Timeout '0' is invalid. Using default page load timeout: '30'

2023-09-19 21:54:26 - [MESSAGE][PASSED] - Object 'Object Repository/user_visit_homepage/user_product_list' is present

2023-09-19 21:54:27 - [MESSAGE][WARNING] - Timeout '0' is invalid. Using default page load timeout: '30'

2023-09-19 21:54:27 - [MESSAGE][PASSED] - Object 'Object Repository/user_visit_homepage/user_see_result_search' is present

2023-09-19 21:54:27 - [MESSAGE][PASSED] - Actual text and expected text of test object 'Object Repository/user_visit_homepage/user_see_result_search' are matched.

2023-09-19 21:54:27 - [MESSAGE][WARNING] - A browser is already opened. Closing browser and opening a new one

2023-09-19 21:54:27 - [MESSAGE][INFO] - Starting 'Chrome' driver

2023-09-19 21:54:27 - [MESSAGE][INFO] - Action delay is set to 0 milliseconds

2023-09-19 21:54:34 - [MESSAGE][PASSED] - Browser is opened with url: 'https://secondhand.binaracademy.org/'

2023-09-19 21:54:35 - [MESSAGE][PASSED] - Current window maximized

2023-09-19 21:54:35 - [MESSAGE][PASSED] - Object 'Object Repository/user_visit_homepage/user_input_keyword' is present

2023-09-19 21:54:35 - [MESSAGE][WARNING] - Timeout '0' is invalid. Using default page load timeout: '30'

2023-09-19 21:54:35 - [MESSAGE][PASSED] - Object 'Object Repository/user_visit_homepage/user_input_keyword' is present

2023-09-19 21:54:36 - [MESSAGE][PASSED] - Text 'laptos asus' is set on object 'Object Repository/user_visit_homepage/user_input_keyword'

2023-09-19 21:54:36 - [MESSAGE][PASSED] - Keys 'ENTER + ' sent to object: 'Object Repository/user_visit_homepage/user_input_keyword'

2023-09-19 21:54:37 - [MESSAGE][WARNING] - Timeout '0' is invalid. Using default page load timeout: '30'

2023-09-19 21:54:37 - [MESSAGE][PASSED] - Object 'Object Repository/user_visit_homepage/user_see_Telusuri_Kategori' is present

2023-09-19 21:54:37 - [MESSAGE][WARNING] - Timeout '0' is invalid. Using default page load timeout: '30'

2023-09-19 21:54:37 - [MESSAGE][PASSED] - Object 'Object Repository/user_visit_homepage/user_see_Telusuri_Kategori' is present

2023-09-19 21:54:37 - [MESSAGE][WARNING] - Timeout '0' is invalid. Using default page load timeout: '30'

2023-09-19 21:54:38 - [MESSAGE][PASSED] - Object 'Object Repository/user_visit_homepage/user_product_list' is present

2023-09-19 21:54:38 - [MESSAGE][WARNING] - Timeout '0' is invalid. Using default page load timeout: '30'

2023-09-19 21:54:38 - [MESSAGE][PASSED] - Web element with id: 'Object Repository/user_visit_homepage/user_see_result_search' located by 'By.xpath: //*[@id="products"]/div[1]/a/div/div/h5[1]' is not present after '30' second(s)

2023-09-19 21:54:38 - [MESSAGE][WARNING] - A browser is already opened. Closing browser and opening a new one

2023-09-19 21:54:38 - [MESSAGE][INFO] - Starting 'Chrome' driver

2023-09-19 21:54:38 - [MESSAGE][INFO] - Action delay is set to 0 milliseconds

2023-09-19 21:54:45 - [MESSAGE][PASSED] - Browser is opened with url: 'https://secondhand.binaracademy.org/'

2023-09-19 21:54:46 - [MESSAGE][PASSED] - Current window maximized

2023-09-19 21:54:46 - [MESSAGE][PASSED] - Object 'Object Repository/user_visit_homepage/user_input_keyword' is present

2023-09-19 21:54:46 - [MESSAGE][WARNING] - Timeout '0' is invalid. Using default page load timeout: '30'

2023-09-19 21:54:46 - [MESSAGE][PASSED] - Object 'Object Repository/user_visit_homepage/user_input_keyword' is present

2023-09-19 21:54:47 - [MESSAGE][PASSED] - Object: 'Object Repository/user_visit_homepage/user_input_keyword' is clicked on

2023-09-19 21:54:47 - [MESSAGE][PASSED] - Keys 'ENTER + ' sent to object: 'Object Repository/user_visit_homepage/user_input_keyword'

2023-09-19 21:54:47 - [MESSAGE][WARNING] - Timeout '0' is invalid. Using default page load timeout: '30'

2023-09-19 21:54:48 - [MESSAGE][PASSED] - Object 'Object Repository/user_visit_homepage/user_click_btn_masuk' is present

2023-09-19 21:54:48 - [MESSAGE][WARNING] - Timeout '0' is invalid. Using default page load timeout: '30'

2023-09-19 21:54:48 - [MESSAGE][PASSED] - Object 'Object Repository/user_visit_homepage/user_input_keyword' is present

2023-09-19 21:54:48 - [MESSAGE][WARNING] - Timeout '0' is invalid. Using default page load timeout: '30'

2023-09-19 21:54:48 - [MESSAGE][PASSED] - Object 'Object Repository/user_visit_homepage/user_see_Telusuri_Kategori' is present

2023-09-19 21:54:48 - [MESSAGE][WARNING] - Timeout '0' is invalid. Using default page load timeout: '30'

2023-09-19 21:54:49 - [MESSAGE][PASSED] - Object 'Object Repository/user_visit_homepage/user_product_list' is present

2023-09-19 21:54:49 - [MESSAGE][WARNING] - A browser is already opened. Closing browser and opening a new one

2023-09-19 21:54:49 - [MESSAGE][INFO] - Starting 'Chrome' driver

2023-09-19 21:54:49 - [MESSAGE][INFO] - Action delay is set to 0 milliseconds

2023-09-19 21:54:56 - [MESSAGE][PASSED] - Browser is opened with url: 'https://secondhand.binaracademy.org/users/sign_in'

2023-09-19 21:54:56 - [MESSAGE][PASSED] - Current window maximized

2023-09-19 21:54:56 - [MESSAGE][WARNING] - Timeout '0' is invalid. Using default page load timeout: '30'

2023-09-19 21:54:56 - [MESSAGE][PASSED] - Object 'Object Repository/user_login/user_input_email' is present

2023-09-19 21:54:56 - [MESSAGE][WARNING] - Timeout '0' is invalid. Using default page load timeout: '30'

2023-09-19 21:54:57 - [MESSAGE][PASSED] - Object 'Object Repository/user_login/user_input_password' is present

2023-09-19 21:54:57 - [MESSAGE][WARNING] - Timeout '0' is invalid. Using default page load timeout: '30'

2023-09-19 21:54:57 - [MESSAGE][PASSED] - Object 'Object Repository/user_login/user_click_btn_masuk' is present

2023-09-19 21:54:58 - [MESSAGE][PASSED] - Text 'fabregas_oliver@gmail.com' is set on object 'Object Repository/user_login/user_input_email'

2023-09-19 21:54:58 - [MESSAGE][PASSED] - Text 'qwerty12345' is set on object 'Object Repository/user_login/user_input_password'

2023-09-19 21:54:59 - [MESSAGE][PASSED] - Object: 'Object Repository/user_login/user_click_btn_masuk' is clicked on

2023-09-19 21:54:59 - [MESSAGE][WARNING] - Timeout '0' is invalid. Using default page load timeout: '30'

2023-09-19 21:55:00 - [MESSAGE][PASSED] - Object 'Object Repository/user_visit_homepage/click_button_profile' is present

2023-09-19 21:55:00 - [MESSAGE][PASSED] - Object: 'Object Repository/user_visit_homepage/click_button_profile' is clicked on

2023-09-19 21:55:00 - [MESSAGE][WARNING] - Timeout '0' is invalid. Using default page load timeout: '30'

2023-09-19 21:55:01 - [MESSAGE][PASSED] - Object 'Object Repository/user_visit_homepage/click_profile_account' is present

2023-09-19 21:55:01 - [MESSAGE][PASSED] - Object: 'Object Repository/user_visit_homepage/click_profile_account' is clicked on

2023-09-19 21:55:01 - [MESSAGE][WARNING] - Timeout '0' is invalid. Using default page load timeout: '30'

2023-09-19 21:55:02 - [MESSAGE][PASSED] - Object 'Object Repository/user_edit_profile/user_submit_image' is present

2023-09-19 21:55:02 - [MESSAGE][WARNING] - Timeout '0' is invalid. Using default page load timeout: '30'

2023-09-19 21:55:02 - [MESSAGE][PASSED] - Object 'Object Repository/user_edit_profile/user_input_nama' is present

2023-09-19 21:55:02 - [MESSAGE][WARNING] - Timeout '0' is invalid. Using default page load timeout: '30'

2023-09-19 21:55:02 - [MESSAGE][PASSED] - Object 'Object Repository/user_edit_profile/user_input_alamat' is present

2023-09-19 21:55:03 - [MESSAGE][PASSED] - File '//Users//syaviraalatas//REZA//Bootcamp Binar Academy//QAE Quality Assurance Engineer//screenshoot//foto.png' sent to object: 'Object Repository/user_edit_profile/user_submit_image'

2023-09-19 21:55:03 - [MESSAGE][PASSED] - Text of object 'Object Repository/user_edit_profile/user_input_nama' is cleared

2023-09-19 21:55:04 - [MESSAGE][PASSED] - Text 'testaja1234' is set on object 'Object Repository/user_edit_profile/user_input_nama'

2023-09-19 21:55:05 - [MESSAGE][PASSED] - All options with index in [1] are selected on object 'Object Repository/user_edit_profile/user_select_kota'

2023-09-19 21:55:05 - [MESSAGE][PASSED] - Text of object 'Object Repository/user_edit_profile/user_input_alamat' is cleared

2023-09-19 21:55:05 - [MESSAGE][PASSED] - Text 'jakarta selatan' is set on object 'Object Repository/user_edit_profile/user_input_alamat'

2023-09-19 21:55:06 - [MESSAGE][PASSED] - Text of object 'Object Repository/user_edit_profile/user_input_no_handphone' is cleared

2023-09-19 21:55:06 - [MESSAGE][PASSED] - Text '0123456' is set on object 'Object Repository/user_edit_profile/user_input_no_handphone'

2023-09-19 21:55:09 - [MESSAGE][PASSED] - Object: 'Object Repository/user_edit_profile/user_click_button_simpan' is clicked on

2023-09-19 21:55:11 - [MESSAGE][PASSED] - Object 'Object Repository/user_visit_homepage/user_input_keyword' is present

2023-09-19 21:55:11 - [MESSAGE][WARNING] - Timeout '0' is invalid. Using default page load timeout: '30'

2023-09-19 21:55:11 - [MESSAGE][PASSED] - Object 'Object Repository/user_visit_homepage/user_input_keyword' is present

2023-09-19 21:55:12 - [MESSAGE][PASSED] - Text 'Group4_Laptop ASUS' is set on object 'Object Repository/user_visit_homepage/user_input_keyword'

2023-09-19 21:55:12 - [MESSAGE][PASSED] - Keys 'ENTER + ' sent to object: 'Object Repository/user_visit_homepage/user_input_keyword'

2023-09-19 21:55:12 - [MESSAGE][WARNING] - Timeout '0' is invalid. Using default page load timeout: '30'

2023-09-19 21:55:13 - [MESSAGE][PASSED] - Object 'Object Repository/user_product_offer/user_first_product_Homepage' is present

2023-09-19 21:55:15 - [MESSAGE][PASSED] - Object: 'Object Repository/user_product_offer/user_first_product_Homepage' is clicked on

2023-09-19 21:55:15 - [MESSAGE][WARNING] - Timeout '0' is invalid. Using default page load timeout: '30'

2023-09-19 21:55:16 - [MESSAGE][PASSED] - Object 'Object Repository/user_product_offer/product_detail_page/product_detail_name' is present

2023-09-19 21:55:16 - [MESSAGE][WARNING] - Timeout '0' is invalid. Using default page load timeout: '30'

2023-09-19 21:55:16 - [MESSAGE][PASSED] - Object 'Object Repository/user_product_offer/product_detail_page/product_detail_image' is present

[...]

2023-09-19 21:56:16 - [MESSAGE][WARNING] - Timeout '0' is invalid. Using default page load timeout: '30'

2023-09-19 21:56:16 - [MESSAGE][PASSED] - Object 'Object Repository/user_login/user_input_email' is present

2023-09-19 21:56:16 - [MESSAGE][WARNING] - Timeout '0' is invalid. Using default page load timeout: '30'

2023-09-19 21:56:16 - [MESSAGE][PASSED] - Object 'Object Repository/user_login/user_input_password' is present

2023-09-19 21:56:16 - [MESSAGE][WARNING] - Timeout '0' is invalid. Using default page load timeout: '30'

2023-09-19 21:56:16 - [MESSAGE][PASSED] - Object 'Object Repository/user_login/user_click_btn_masuk' is present

2023-09-19 21:56:16 - [MESSAGE][WARNING] - Timeout '0' is invalid. Using default page load timeout: '30'

2023-09-19 21:56:17 - [MESSAGE][PASSED] - Object 'Object Repository/user_login/user_click_link_Daftar_di_sini' is present

2023-09-19 21:56:18 - [MESSAGE][PASSED] - Text 'septiani@gmail.com' is set on object 'Object Repository/user_login/user_input_email'

2023-09-19 21:56:18 - [MESSAGE][PASSED] - Text 'qwerty12345' is set on object 'Object Repository/user_login/user_input_password'

2023-09-19 21:56:19 - [MESSAGE][PASSED] - Object: 'Object Repository/user_login/user_click_btn_masuk' is clicked on

2023-09-19 21:56:20 - [MESSAGE][PASSED] - Object: 'Object Repository/user_notification/click_bell_icon' is clicked on

2023-09-19 21:56:20 - [MESSAGE][PASSED] - Object: 'Object Repository/user_notification/click_product_offer' is clicked on

2023-09-19 21:56:21 - [MESSAGE][PASSED] - Object: 'Object Repository/user_response_offer/user_click_tolak_btn' is clicked on

2023-09-19 21:56:21 - [MESSAGE][WARNING] - Timeout '0' is invalid. Using default page load timeout: '30'

2023-09-19 21:56:21 - [MESSAGE][PASSED] - Object 'Object Repository/user_response_offer/user_reject_offer_text' is present

2023-09-19 21:56:21 - [MESSAGE][WARNING] - A browser is already opened. Closing browser and opening a new one

2023-09-19 21:56:21 - [MESSAGE][INFO] - Starting 'Chrome' driver

2023-09-19 21:56:21 - [MESSAGE][INFO] - Action delay is set to 0 milliseconds

2023-09-19 21:56:28 - [MESSAGE][PASSED] - Browser is opened with url: 'https://secondhand.binaracademy.org/users/sign_in'

2023-09-19 21:56:29 - [MESSAGE][PASSED] - Current window maximized

2023-09-19 21:56:29 - [MESSAGE][WARNING] - Timeout '0' is invalid. Using default page load timeout: '30'

2023-09-19 21:56:29 - [MESSAGE][PASSED] - Object 'Object Repository/user_login/user_input_email' is present

2023-09-19 21:56:29 - [MESSAGE][WARNING] - Timeout '0' is invalid. Using default page load timeout: '30'

2023-09-19 21:56:29 - [MESSAGE][PASSED] - Object 'Object Repository/user_login/user_input_password' is present

2023-09-19 21:56:29 - [MESSAGE][WARNING] - Timeout '0' is invalid. Using default page load timeout: '30'

2023-09-19 21:56:30 - [MESSAGE][PASSED] - Object 'Object Repository/user_login/user_click_btn_masuk' is present

2023-09-19 21:56:30 - [MESSAGE][PASSED] - Text 'fabregas_oliver@gmail.com' is set on object 'Object Repository/user_login/user_input_email'

2023-09-19 21:56:31 - [MESSAGE][PASSED] - Text 'qwerty12345' is set on object 'Object Repository/user_login/user_input_password'

2023-09-19 21:56:31 - [MESSAGE][PASSED] - Object: 'Object Repository/user_login/user_click_btn_masuk' is clicked on

2023-09-19 21:56:31 - [MESSAGE][WARNING] - Timeout '0' is invalid. Using default page load timeout: '30'

2023-09-19 21:56:32 - [MESSAGE][PASSED] - Object 'Object Repository/user_visit_homepage/click_button_profile' is present

2023-09-19 21:56:33 - [MESSAGE][PASSED] - Object: 'Object Repository/user_visit_homepage/click_button_profile' is clicked on

2023-09-19 21:56:33 - [MESSAGE][WARNING] - Timeout '0' is invalid. Using default page load timeout: '30'

2023-09-19 21:56:33 - [MESSAGE][PASSED] - Object 'Object Repository/user_visit_homepage/click_profile_account' is present

2023-09-19 21:56:33 - [MESSAGE][PASSED] - Object: 'Object Repository/user_visit_homepage/click_profile_account' is clicked on

2023-09-19 21:56:34 - [MESSAGE][WARNING] - Timeout '0' is invalid. Using default page load timeout: '30'

2023-09-19 21:56:34 - [MESSAGE][PASSED] - Object 'Object Repository/user_edit_profile/user_submit_image' is present

2023-09-19 21:56:34 - [MESSAGE][WARNING] - Timeout '0' is invalid. Using default page load timeout: '30'

2023-09-19 21:56:34 - [MESSAGE][PASSED] - Object 'Object Repository/user_edit_profile/user_input_nama' is present

2023-09-19 21:56:34 - [MESSAGE][WARNING] - Timeout '0' is invalid. Using default page load timeout: '30'

2023-09-19 21:56:35 - [MESSAGE][PASSED] - Object 'Object Repository/user_edit_profile/user_input_alamat' is present

2023-09-19 21:56:35 - [MESSAGE][PASSED] - File '//Users//syaviraalatas//REZA//Bootcamp Binar Academy//QAE Quality Assurance Engineer//screenshoot//foto.png' sent to object: 'Object Repository/user_edit_profile/user_submit_image'

2023-09-19 21:56:35 - [MESSAGE][PASSED] - Text of object 'Object Repository/user_edit_profile/user_input_nama' is cleared

2023-09-19 21:56:36 - [MESSAGE][PASSED] - Text 'testaja1234' is set on object 'Object Repository/user_edit_profile/user_input_nama'

2023-09-19 21:56:37 - [MESSAGE][PASSED] - All options with index in [1] are selected on object 'Object Repository/user_edit_profile/user_select_kota'

2023-09-19 21:56:37 - [MESSAGE][PASSED] - Text of object 'Object Repository/user_edit_profile/user_input_alamat' is cleared

2023-09-19 21:56:38 - [MESSAGE][PASSED] - Text 'jakarta selatan' is set on object 'Object Repository/user_edit_profile/user_input_alamat'

2023-09-19 21:56:38 - [MESSAGE][PASSED] - Text of object 'Object Repository/user_edit_profile/user_input_no_handphone' is cleared

2023-09-19 21:56:39 - [MESSAGE][PASSED] - Text '0123456' is set on object 'Object Repository/user_edit_profile/user_input_no_handphone'

2023-09-19 21:56:41 - [MESSAGE][PASSED] - Object: 'Object Repository/user_edit_profile/user_click_button_simpan' is clicked on

2023-09-19 21:56:43 - [MESSAGE][PASSED] - Object 'Object Repository/user_visit_homepage/user_input_keyword' is present

2023-09-19 21:56:43 - [MESSAGE][WARNING] - Timeout '0' is invalid. Using default page load timeout: '30'

2023-09-19 21:56:44 - [MESSAGE][PASSED] - Object 'Object Repository/user_visit_homepage/user_input_keyword' is present

2023-09-19 21:56:44 - [MESSAGE][PASSED] - Text 'Group4_Laptop ASUS' is set on object 'Object Repository/user_visit_homepage/user_input_keyword'

2023-09-19 21:56:45 - [MESSAGE][PASSED] - Keys 'ENTER + ' sent to object: 'Object Repository/user_visit_homepage/user_input_keyword'

2023-09-19 21:56:45 - [MESSAGE][WARNING] - Timeout '0' is invalid. Using default page load timeout: '30'

2023-09-19 21:56:45 - [MESSAGE][PASSED] - Object 'Object Repository/user_product_offer/user_first_product_Homepage' is present

2023-09-19 21:56:48 - [MESSAGE][PASSED] - Object: 'Object Repository/user_product_offer/user_first_product_Homepage' is clicked on

2023-09-19 21:56:48 - [MESSAGE][WARNING] - Timeout '0' is invalid. Using default page load timeout: '30'

2023-09-19 21:56:48 - [MESSAGE][PASSED] - Object 'Object Repository/user_product_offer/product_detail_page/product_detail_name' is present

2023-09-19 21:56:48 - [MESSAGE][WARNING] - Timeout '0' is invalid. Using default page load timeout: '30'

2023-09-19 21:56:48 - [MESSAGE][PASSED] - Object 'Object Repository/user_product_offer/product_detail_page/product_detail_image' is present

2023-09-19 21:56:49 - [MESSAGE][WARNING] - Timeout '0' is invalid. Using default page load timeout: '30'

2023-09-19 21:56:49 - [MESSAGE][PASSED] - Object 'Object Repository/user_product_offer/product_detail_page/product_detail_price' is present

2023-09-19 21:56:49 - [MESSAGE][WARNING] - Timeout '0' is invalid. Using default page load timeout: '30'

2023-09-19 21:56:49 - [MESSAGE][PASSED] - Object 'Object Repository/user_product_offer/user_click_button' is present

2023-09-19 21:56:49 - [MESSAGE][WARNING] - Timeout '0' is invalid. Using default page load timeout: '30'

2023-09-19 21:56:49 - [MESSAGE][PASSED] - Object 'Object Repository/user_product_offer/user_click_button' is present

2023-09-19 21:56:50 - [MESSAGE][PASSED] - Object: 'Object Repository/user_product_offer/user_click_button' is clicked on

2023-09-19 21:56:50 - [MESSAGE][WARNING] - Timeout '0' is invalid. Using default page load timeout: '30'

2023-09-19 21:56:50 - [MESSAGE][PASSED] - Object 'Object Repository/user_product_offer/product_detail_page/offer_box_title' is present

2023-09-19 21:56:50 - [MESSAGE][WARNING] - Timeout '0' is invalid. Using default page load timeout: '30'

2023-09-19 21:56:50 - [MESSAGE][PASSED] - Object 'Object Repository/user_product_offer/product_detail_page/offer_box_title' is present

2023-09-19 21:56:50 - [MESSAGE][WARNING] - Timeout '0' is invalid. Using default page load timeout: '30'

2023-09-19 21:56:51 - [MESSAGE][PASSED] - Object 'Object Repository/user_product_offer/user_input_price' is present

2023-09-19 21:56:51 - [MESSAGE][WARNING] - Timeout '0' is invalid. Using default page load timeout: '30'

2023-09-19 21:56:51 - [MESSAGE][PASSED] - Object 'Object Repository/user_product_offer/user_click_Kirim' is present

2023-09-19 21:56:52 - [MESSAGE][PASSED] - Text '10000' is set on object 'Object Repository/user_product_offer/user_input_price'

2023-09-19 21:56:52 - [MESSAGE][PASSED] - Object: 'Object Repository/user_product_offer/user_click_Kirim' is clicked on

2023-09-19 21:56:52 - [MESSAGE][WARNING] - Timeout '0' is invalid. Using default page load timeout: '30'

2023-09-19 21:56:52 - [MESSAGE][PASSED] - Object 'Object Repository/user_product_offer/product_detail_page/product_detail_name' is present

2023-09-19 21:56:53 - [MESSAGE][WARNING] - Timeout '0' is invalid. Using default page load timeout: '30'

2023-09-19 21:56:53 - [MESSAGE][PASSED] - Object 'Object Repository/user_product_offer/product_detail_page/product_detail_image' is present

2023-09-19 21:56:53 - [MESSAGE][WARNING] - Timeout '0' is invalid. Using default page load timeout: '30'

2023-09-19 21:56:53 - [MESSAGE][PASSED] - Object 'Object Repository/user_product_offer/product_detail_page/product_detail_price' is present

2023-09-19 21:56:53 - [MESSAGE][WARNING] - Timeout '0' is invalid. Using default page load timeout: '30'

2023-09-19 21:56:53 - [MESSAGE][PASSED] - Object 'Object Repository/user_product_offer/user_click_button' is present

2023-09-19 21:56:54 - [MESSAGE][PASSED] - Actual text and expected text of test object 'Object Repository/user_product_offer/user_click_button' are matched.

2023-09-19 21:56:54 - [MESSAGE][WARNING] - A browser is already opened. Closing browser and opening a new one

2023-09-19 21:56:54 - [MESSAGE][INFO] - Starting 'Chrome' driver

2023-09-19 21:56:54 - [MESSAGE][INFO] - Action delay is set to 0 milliseconds

2023-09-19 21:57:01 - [MESSAGE][PASSED] - Browser is opened with url: 'https://secondhand.binaracademy.org/users/sign_in'

2023-09-19 21:57:01 - [MESSAGE][PASSED] - Current window maximized

2023-09-19 21:57:01 - [MESSAGE][WARNING] - Timeout '0' is invalid. Using default page load timeout: '30'

2023-09-19 21:57:01 - [MESSAGE][PASSED] - Object 'Object Repository/user_login/user_input_email' is present

2023-09-19 21:57:02 - [MESSAGE][WARNING] - Timeout '0' is invalid. Using default page load timeout: '30'

2023-09-19 21:57:02 - [MESSAGE][PASSED] - Object 'Object Repository/user_login/user_input_password' is present

2023-09-19 21:57:02 - [MESSAGE][WARNING] - Timeout '0' is invalid. Using default page load timeout: '30'

2023-09-19 21:57:02 - [MESSAGE][PASSED] - Object 'Object Repository/user_login/user_click_btn_masuk' is present

2023-09-19 21:57:02 - [MESSAGE][WARNING] - Timeout '0' is invalid. Using default page load timeout: '30'

2023-09-19 21:57:02 - [MESSAGE][PASSED] - Object 'Object Repository/user_login/user_click_link_Daftar_di_sini' is present

2023-09-19 21:57:03 - [MESSAGE][PASSED] - Text 'septiani@gmail.com' is set on object 'Object Repository/user_login/user_input_email'

2023-09-19 21:57:04 - [MESSAGE][PASSED] - Text 'qwerty12345' is set on object 'Object Repository/user_login/user_input_password'

2023-09-19 21:57:04 - [MESSAGE][PASSED] - Object: 'Object Repository/user_login/user_click_btn_masuk' is clicked on

2023-09-19 21:57:05 - [MESSAGE][PASSED] - Object: 'Object Repository/user_notification/click_bell_icon' is clicked on

2023-09-19 21:57:06 - [MESSAGE][PASSED] - Object: 'Object Repository/user_notification/click_product_offer' is clicked on

2023-09-19 21:57:06 - [MESSAGE][PASSED] - Object: 'Object Repository/user_response_offer/user_click_terima_btn' is clicked on

2023-09-19 21:57:06 - [MESSAGE][WARNING] - Timeout '0' is invalid. Using default page load timeout: '30'

2023-09-19 21:57:07 - [MESSAGE][PASSED] - Object 'Object Repository/user_response_offer/user_accept_offer_text' is present

2023-09-19 21:57:07 - [MESSAGE][WARNING] - A browser is already opened. Closing browser and opening a new one

2023-09-19 21:57:07 - [MESSAGE][INFO] - Starting 'Chrome' driver

2023-09-19 21:57:07 - [MESSAGE][INFO] - Action delay is set to 0 milliseconds

2023-09-19 21:57:14 - [MESSAGE][PASSED] - Browser is opened with url: 'https://secondhand.binaracademy.org/users/sign_in'

2023-09-19 21:57:15 - [MESSAGE][PASSED] - Current window maximized

2023-09-19 21:57:15 - [MESSAGE][WARNING] - Timeout '0' is invalid. Using default page load timeout: '30'

2023-09-19 21:57:15 - [MESSAGE][PASSED] - Object 'Object Repository/user_login/user_input_email' is present

2023-09-19 21:57:15 - [MESSAGE][WARNING] - Timeout '0' is invalid. Using default page load timeout: '30'

2023-09-19 21:57:15 - [MESSAGE][PASSED] - Object 'Object Repository/user_login/user_input_password' is present

2023-09-19 21:57:15 - [MESSAGE][WARNING] - Timeout '0' is invalid. Using default page load timeout: '30'

2023-09-19 21:57:16 - [MESSAGE][PASSED] - Object 'Object Repository/user_login/user_click_btn_masuk' is present

2023-09-19 21:57:16 - [MESSAGE][WARNING] - Timeout '0' is invalid. Using default page load timeout: '30'

2023-09-19 21:57:16 - [MESSAGE][PASSED] - Object 'Object Repository/user_login/user_click_link_Daftar_di_sini' is present

2023-09-19 21:57:17 - [MESSAGE][PASSED] - Text 'septiani@gmail.com' is set on object 'Object Repository/user_login/user_input_email'

2023-09-19 21:57:17 - [MESSAGE][PASSED] - Text 'qwerty12345' is set on object 'Object Repository/user_login/user_input_password'

2023-09-19 21:57:18 - [MESSAGE][PASSED] - Object: 'Object Repository/user_login/user_click_btn_masuk' is clicked on

2023-09-19 21:57:19 - [MESSAGE][PASSED] - Object: 'Object Repository/user_visit_homepage/click_button_daftar_product' is clicked on

2023-09-19 21:57:19 - [MESSAGE][WARNING] - Timeout '0' is invalid. Using default page load timeout: '30'

2023-09-19 21:57:19 - [MESSAGE][PASSED] - Object 'Object Repository/user_edit_product/productListMenu_page/daftarJualSaya_element' is present

2023-09-19 21:57:19 - [MESSAGE][WARNING] - Timeout '0' is invalid. Using default page load timeout: '30'

2023-09-19 21:57:20 - [MESSAGE][PASSED] - Object 'Object Repository/user_edit_product/productListMenu_page/tambahProduk_element' is present

2023-09-19 21:57:20 - [MESSAGE][WARNING] - Timeout '0' is invalid. Using default page load timeout: '30'

2023-09-19 21:57:20 - [MESSAGE][PASSED] - Object 'Object Repository/user_edit_product/productListMenu_page/user_click_productToEdit' is present

2023-09-19 21:57:20 - [MESSAGE][PASSED] - Object: 'Object Repository/user_edit_product/productListMenu_page/user_click_productToEdit' is clicked on

2023-09-19 21:57:20 - [MESSAGE][WARNING] - Timeout '0' is invalid. Using default page load timeout: '30'

2023-09-19 21:57:21 - [MESSAGE][PASSED] - Object 'Object Repository/user_add_product/sellerProductDetail/edit_element' is present

2023-09-19 21:57:21 - [MESSAGE][WARNING] - Timeout '0' is invalid. Using default page load timeout: '30'

2023-09-19 21:57:21 - [MESSAGE][PASSED] - Object 'Object Repository/user_add_product/sellerProductDetail/delete_element' is present

2023-09-19 21:57:21 - [MESSAGE][WARNING] - Timeout '0' is invalid. Using default page load timeout: '30'

2023-09-19 21:57:21 - [MESSAGE][PASSED] - Object 'Object Repository/user_add_product/sellerProductDetail/deskripsi_element' is present

2023-09-19 21:57:22 - [MESSAGE][WARNING] - Timeout '0' is invalid. Using default page load timeout: '30'

2023-09-19 21:57:22 - [MESSAGE][PASSED] - Object 'Object Repository/user_delete_product/user_click_button_delete' is present

2023-09-19 21:57:22 - [MESSAGE][PASSED] - Object: 'Object Repository/user_delete_product/user_click_button_delete' is clicked on

2023-09-19 21:57:22 - [MESSAGE][WARNING] - Timeout '0' is invalid. Using default page load timeout: '30'

2023-09-19 21:57:23 - [MESSAGE][PASSED] - Object 'Object Repository/user_edit_product/productListMenu_page/daftarJualSaya_element' is present

2023-09-19 21:57:23 - [MESSAGE][WARNING] - Timeout '0' is invalid. Using default page load timeout: '30'

2023-09-19 21:57:23 - [MESSAGE][PASSED] - Object 'Object Repository/user_edit_product/productListMenu_page/tambahProduk_element' is present

2023-09-19 21:57:23 - [MESSAGE][PASSED] - Browser is closed

2023-09-19 21:57:23 - [MESSAGE][INFO] - Starting 'Chrome' driver

2023-09-19 21:57:23 - [MESSAGE][INFO] - Action delay is set to 0 milliseconds

2023-09-19 21:57:30 - [MESSAGE][PASSED] - Browser is opened with url: 'https://secondhand.binaracademy.org/users/sign_in'

2023-09-19 21:57:30 - [MESSAGE][PASSED] - Current window maximized

2023-09-19 21:57:30 - [MESSAGE][WARNING] - Timeout '0' is invalid. Using default page load timeout: '30'

2023-09-19 21:57:31 - [MESSAGE][PASSED] - Object 'Object Repository/user_login/user_input_email' is present

2023-09-19 21:57:31 - [MESSAGE][WARNING] - Timeout '0' is invalid. Using default page load timeout: '30'

2023-09-19 21:57:31 - [MESSAGE][PASSED] - Object 'Object Repository/user_login/user_input_password' is present

2023-09-19 21:57:31 - [MESSAGE][WARNING] - Timeout '0' is invalid. Using default page load timeout: '30'

2023-09-19 21:57:31 - [MESSAGE][PASSED] - Object 'Object Repository/user_login/user_click_btn_masuk' is present

2023-09-19 21:57:31 - [MESSAGE][WARNING] - Timeout '0' is invalid. Using default page load timeout: '30'

2023-09-19 21:57:32 - [MESSAGE][PASSED] - Object 'Object Repository/user_login/user_click_link_Daftar_di_sini' is present

2023-09-19 21:57:32 - [MESSAGE][PASSED] - Text 'fabregas_oliver@gmail.com' is set on object 'Object Repository/user_login/user_input_email'

2023-09-19 21:57:33 - [MESSAGE][PASSED] - Text 'qwerty12345' is set on object 'Object Repository/user_login/user_input_password'

2023-09-19 21:57:33 - [MESSAGE][PASSED] - Object: 'Object Repository/user_login/user_click_btn_masuk' is clicked on

2023-09-19 21:57:34 - [MESSAGE][PASSED] - Object: 'Object Repository/user_logout/user_account_logout' is clicked on

2023-09-19 21:57:34 - [MESSAGE][WARNING] - Timeout '0' is invalid. Using default page load timeout: '30'

2023-09-19 21:57:35 - [MESSAGE][PASSED] - Object 'Object Repository/user_logout/user_click_btn_Keluar' is present

2023-09-19 21:57:35 - [MESSAGE][PASSED] - Object: 'Object Repository/user_logout/user_click_btn_Keluar' is clicked on

2023-09-19 21:57:35 - [MESSAGE][WARNING] - Timeout '0' is invalid. Using default page load timeout: '30'

2023-09-19 21:57:36 - [MESSAGE][PASSED] - Object 'Object Repository/user_add_product/user_click_btn_jual' is present

2023-09-19 21:57:36 - [MESSAGE][PASSED] - Run with 'Runner' was passed]]></system-out>
         <system-err><![CDATA[]]></system-err>
      </testcase>
      <system-out><![CDATA[2023-09-19 21:48:40 - [TEST_SUITE][PASSED] - Test Suite: Test Cases/cucumber/cucumber]]></system-out>
      <system-err><![CDATA[]]></system-err>
   </testsuite>
</testsuites>
